[BOOT] Python process started: /usr/bin/python
[BOOT] timm not found; installing timm==1.0.27
Collecting timm==1.0.27
  Downloading timm-1.0.27-py3-none-any.whl.metadata (40 kB)
Requirement already satisfied: torch in /usr/local/lib/python3.10/dist-packages (from timm==1.0.27) (2.11.0)
Requirement already satisfied: torchvision in /usr/local/lib/python3.10/dist-packages (from timm==1.0.27) (0.26.0)
Requirement already satisfied: pyyaml in /usr/local/lib/python3.10/dist-packages (from timm==1.0.27) (6.0.3)
Requirement already satisfied: huggingface_hub in /usr/local/lib/python3.10/dist-packages (from timm==1.0.27) (1.17.0)
Requirement already satisfied: safetensors in /usr/local/lib/python3.10/dist-packages (from timm==1.0.27) (0.7.0)
Requirement already satisfied: click>=8.4.0 in /usr/local/lib/python3.10/dist-packages (from huggingface_hub->timm==1.0.27) (8.4.1)
Requirement already satisfied: filelock>=3.10.0 in /usr/local/lib/python3.10/dist-packages (from huggingface_hub->timm==1.0.27) (3.29.0)
Requirement already satisfied: fsspec>=2023.5.0 in /usr/local/lib/python3.10/dist-packages (from huggingface_hub->timm==1.0.27) (2026.2.0)
Requirement already satisfied: hf-xet<2.0.0,>=1.4.3 in /usr/local/lib/python3.10/dist-packages (from huggingface_hub->timm==1.0.27) (1.5.0)
Requirement already satisfied: httpx<1,>=0.23.0 in /usr/local/lib/python3.10/dist-packages (from huggingface_hub->timm==1.0.27) (0.28.1)
Requirement already satisfied: packaging>=20.9 in /usr/local/lib/python3.10/dist-packages (from huggingface_hub->timm==1.0.27) (26.2)
Requirement already satisfied: tqdm>=4.42.1 in /usr/local/lib/python3.10/dist-packages (from huggingface_hub->timm==1.0.27) (4.67.3)
Requirement already satisfied: typer<0.26.0,>=0.20.0 in /usr/local/lib/python3.10/dist-packages (from huggingface_hub->timm==1.0.27) (0.25.1)
Requirement already satisfied: typing-extensions>=4.1.0 in /usr/local/lib/python3.10/dist-packages (from huggingface_hub->timm==1.0.27) (4.15.0)
Requirement already satisfied: anyio in /usr/local/lib/python3.10/dist-packages (from httpx<1,>=0.23.0->huggingface_hub->timm==1.0.27) (4.13.0)
Requirement already satisfied: certifi in /usr/local/lib/python3.10/dist-packages (from httpx<1,>=0.23.0->huggingface_hub->timm==1.0.27) (2026.5.20)
Requirement already satisfied: httpcore==1.* in /usr/local/lib/python3.10/dist-packages (from httpx<1,>=0.23.0->huggingface_hub->timm==1.0.27) (1.0.9)
Requirement already satisfied: idna in /usr/local/lib/python3.10/dist-packages (from httpx<1,>=0.23.0->huggingface_hub->timm==1.0.27) (3.18)
Requirement already satisfied: h11>=0.16 in /usr/local/lib/python3.10/dist-packages (from httpcore==1.*->httpx<1,>=0.23.0->huggingface_hub->timm==1.0.27) (0.16.0)
Requirement already satisfied: shellingham>=1.3.0 in /usr/local/lib/python3.10/dist-packages (from typer<0.26.0,>=0.20.0->huggingface_hub->timm==1.0.27) (1.5.4)
Requirement already satisfied: rich>=13.8.0 in /usr/local/lib/python3.10/dist-packages (from typer<0.26.0,>=0.20.0->huggingface_hub->timm==1.0.27) (15.0.0)
Requirement already satisfied: annotated-doc>=0.0.2 in /usr/local/lib/python3.10/dist-packages (from typer<0.26.0,>=0.20.0->huggingface_hub->timm==1.0.27) (0.0.4)
Requirement already satisfied: markdown-it-py>=2.2.0 in /usr/local/lib/python3.10/dist-packages (from rich>=13.8.0->typer<0.26.0,>=0.20.0->huggingface_hub->timm==1.0.27) (4.2.0)
Requirement already satisfied: pygments<3.0.0,>=2.13.0 in /usr/local/lib/python3.10/dist-packages (from rich>=13.8.0->typer<0.26.0,>=0.20.0->huggingface_hub->timm==1.0.27) (2.20.0)
Requirement already satisfied: mdurl~=0.1 in /usr/local/lib/python3.10/dist-packages (from markdown-it-py>=2.2.0->rich>=13.8.0->typer<0.26.0,>=0.20.0->huggingface_hub->timm==1.0.27) (0.1.2)
Requirement already satisfied: exceptiongroup>=1.0.2 in /usr/local/lib/python3.10/dist-packages (from anyio->httpx<1,>=0.23.0->huggingface_hub->timm==1.0.27) (1.3.1)
Requirement already satisfied: setuptools<82 in /usr/local/lib/python3.10/dist-packages (from torch->timm==1.0.27) (70.2.0)
Requirement already satisfied: sympy>=1.13.3 in /usr/local/lib/python3.10/dist-packages (from torch->timm==1.0.27) (1.14.0)
Requirement already satisfied: networkx>=2.5.1 in /usr/local/lib/python3.10/dist-packages (from torch->timm==1.0.27) (3.4.2)
Requirement already satisfied: jinja2 in /usr/local/lib/python3.10/dist-packages (from torch->timm==1.0.27) (3.1.6)
Requirement already satisfied: cuda-toolkit==13.0.2 in /usr/local/lib/python3.10/dist-packages (from cuda-toolkit[cublas,cudart,cufft,cufile,cupti,curand,cusolver,cusparse,nvjitlink,nvrtc,nvtx]==13.0.2; platform_system == "Linux"->torch->timm==1.0.27) (13.0.2)
Requirement already satisfied: cuda-bindings<14,>=13.0.3 in /usr/local/lib/python3.10/dist-packages (from torch->timm==1.0.27) (13.3.1)
Requirement already satisfied: nvidia-cudnn-cu13==9.19.0.56 in /usr/local/lib/python3.10/dist-packages (from torch->timm==1.0.27) (9.19.0.56)
Requirement already satisfied: nvidia-cusparselt-cu13==0.8.0 in /usr/local/lib/python3.10/dist-packages (from torch->timm==1.0.27) (0.8.0)
Requirement already satisfied: nvidia-nccl-cu13==2.28.9 in /usr/local/lib/python3.10/dist-packages (from torch->timm==1.0.27) (2.28.9)
Requirement already satisfied: nvidia-nvshmem-cu13==3.4.5 in /usr/local/lib/python3.10/dist-packages (from torch->timm==1.0.27) (3.4.5)
Requirement already satisfied: triton==3.6.0 in /usr/local/lib/python3.10/dist-packages (from torch->timm==1.0.27) (3.6.0)
Requirement already satisfied: nvidia-cublas==13.1.0.3.* in /usr/local/lib/python3.10/dist-packages (from cuda-toolkit[cublas,cudart,cufft,cufile,cupti,curand,cusolver,cusparse,nvjitlink,nvrtc,nvtx]==13.0.2; platform_system == "Linux"->torch->timm==1.0.27) (13.1.0.3)
Requirement already satisfied: nvidia-cuda-nvrtc==13.0.88.* in /usr/local/lib/python3.10/dist-packages (from cuda-toolkit[cublas,cudart,cufft,cufile,cupti,curand,cusolver,cusparse,nvjitlink,nvrtc,nvtx]==13.0.2; platform_system == "Linux"->torch->timm==1.0.27) (13.0.88)
Requirement already satisfied: nvidia-cuda-cupti==13.0.85.* in /usr/local/lib/python3.10/dist-packages (from cuda-toolkit[cublas,cudart,cufft,cufile,cupti,curand,cusolver,cusparse,nvjitlink,nvrtc,nvtx]==13.0.2; platform_system == "Linux"->torch->timm==1.0.27) (13.0.85)
Requirement already satisfied: nvidia-cuda-runtime==13.0.96.* in /usr/local/lib/python3.10/dist-packages (from cuda-toolkit[cublas,cudart,cufft,cufile,cupti,curand,cusolver,cusparse,nvjitlink,nvrtc,nvtx]==13.0.2; platform_system == "Linux"->torch->timm==1.0.27) (13.0.96)
Requirement already satisfied: nvidia-cusolver==12.0.4.66.* in /usr/local/lib/python3.10/dist-packages (from cuda-toolkit[cublas,cudart,cufft,cufile,cupti,curand,cusolver,cusparse,nvjitlink,nvrtc,nvtx]==13.0.2; platform_system == "Linux"->torch->timm==1.0.27) (12.0.4.66)
Requirement already satisfied: nvidia-nvtx==13.0.85.* in /usr/local/lib/python3.10/dist-packages (from cuda-toolkit[cublas,cudart,cufft,cufile,cupti,curand,cusolver,cusparse,nvjitlink,nvrtc,nvtx]==13.0.2; platform_system == "Linux"->torch->timm==1.0.27) (13.0.85)
Requirement already satisfied: nvidia-nvjitlink==13.0.88.* in /usr/local/lib/python3.10/dist-packages (from cuda-toolkit[cublas,cudart,cufft,cufile,cupti,curand,cusolver,cusparse,nvjitlink,nvrtc,nvtx]==13.0.2; platform_system == "Linux"->torch->timm==1.0.27) (13.0.88)
Requirement already satisfied: nvidia-cufile==1.15.1.6.* in /usr/local/lib/python3.10/dist-packages (from cuda-toolkit[cublas,cudart,cufft,cufile,cupti,curand,cusolver,cusparse,nvjitlink,nvrtc,nvtx]==13.0.2; platform_system == "Linux"->torch->timm==1.0.27) (1.15.1.6)
Requirement already satisfied: nvidia-curand==10.4.0.35.* in /usr/local/lib/python3.10/dist-packages (from cuda-toolkit[cublas,cudart,cufft,cufile,cupti,curand,cusolver,cusparse,nvjitlink,nvrtc,nvtx]==13.0.2; platform_system == "Linux"->torch->timm==1.0.27) (10.4.0.35)
Requirement already satisfied: nvidia-cusparse==12.6.3.3.* in /usr/local/lib/python3.10/dist-packages (from cuda-toolkit[cublas,cudart,cufft,cufile,cupti,curand,cusolver,cusparse,nvjitlink,nvrtc,nvtx]==13.0.2; platform_system == "Linux"->torch->timm==1.0.27) (12.6.3.3)
Requirement already satisfied: nvidia-cufft==12.0.0.61.* in /usr/local/lib/python3.10/dist-packages (from cuda-toolkit[cublas,cudart,cufft,cufile,cupti,curand,cusolver,cusparse,nvjitlink,nvrtc,nvtx]==13.0.2; platform_system == "Linux"->torch->timm==1.0.27) (12.0.0.61)
Requirement already satisfied: cuda-pathfinder>=1.4.2 in /usr/local/lib/python3.10/dist-packages (from cuda-bindings<14,>=13.0.3->torch->timm==1.0.27) (1.5.5)
Requirement already satisfied: mpmath<1.4,>=1.1.0 in /usr/local/lib/python3.10/dist-packages (from sympy>=1.13.3->torch->timm==1.0.27) (1.3.0)
Requirement already satisfied: MarkupSafe>=2.0 in /usr/local/lib/python3.10/dist-packages (from jinja2->torch->timm==1.0.27) (3.0.3)
Requirement already satisfied: numpy in /usr/local/lib/python3.10/dist-packages (from torchvision->timm==1.0.27) (2.2.6)
Requirement already satisfied: pillow!=8.3.*,>=5.3.0 in /usr/local/lib/python3.10/dist-packages (from torchvision->timm==1.0.27) (12.2.0)
Downloading timm-1.0.27-py3-none-any.whl (2.6 MB)
   ━━━━━━━━━━━━━━━━━━━━━━━━━━━━━━━━━━━━━━━━ 2.6/2.6 MB 29.3 MB/s  0:00:00
Installing collected packages: timm
Successfully installed timm-1.0.27
WARNING: Running pip as the 'root' user can result in broken permissions and conflicting behaviour with the system package manager, possibly rendering your system unusable. It is recommended to use a virtual environment instead: https://pip.pypa.io/warnings/venv. Use the --root-user-action option if you know what you are doing and want to suppress this warning.
[BOOT] timm installation completed
========================================================================
OURS / RESNET56 -> DEIT-TI
========================================================================
[ENV] python=3.10.12 torch=2.11.0+cu130 timm=1.0.27 torchvision=0.26.0+cu130
[ENV] cuda_available=True cuda_device_count=1
[ENV] gpu_name=NVIDIA H200 NVL
[ENV] gpu_memory_gib=139.80
[ENV] device=cuda amp=True seed=42
[PATH] data_dir=/app/data/chaoyang
[PATH] teacher_root=/app/scratch/input/kau-aimslab_457/teachers/checkpoints
[PATH] run_dir=/app/output/ours_chaoyang_deit_ti_papergrid_v2_100ep_seed42
[MODE] smoke=False timing_run=False student_epochs=100 planned_epochs=100
[PROTOCOL] name=chaoyang_deit_ti_ours_papergrid_v2 optimizer=AdamW lr=0.0005 min_lr=0.0 weight_decay=0.05 warmup=5 cosine batch=64 image=224 label_smoothing=0.1 drop_path=0.0
[INPUT] shared_geometry=True student=224x224(chaoyang norm) teacher=bilinear_downsample_to_32x32(ImageNet norm) eval_resize=direct
[OURS] loss=CE+beta(e)*(lambda*L_fuse+(1-lambda)*L_align) beta_on=2.5 lambda=0.5
[OURS] student_blocks=all_12 aggregation=learnable_uniform_init teacher_stages=1/2/3 teacher_input=32 student_grid=14x14 stage_grid=teacher projection=1x1 deform_kernel=5 qkv_kernel=1 heads=4
[BETA] schedule=alg_exact beta_on=2.5 metric=L_align threshold=-0.02 smoothing_window=50 active_condition=smoothed_derivative<threshold
[BETA] ALG Eqs.(10)-(19): smooth the epoch loss over 50 epochs, differentiate it, smooth that derivative over 50 epochs, and switch permanently to CE-only when the derivative reaches tau=-0.02.
[SOURCE] provided_snippet_sha256=8649078970b93d750a956994611b65cdec0c24f907d35d86f29d635e8a3b8624
[REPRO_STATUS] Paper-confirmed: Eq.(4), lambda=0.5, ALG beta=2.5, tau=-0.02 and 50-epoch smoothing, all-block aggregation, 1x1 projection/QKV, bilinear grid alignment, 5x5 deformable attention, and frozen teacher. Active grid policy=V3 teacher-resolution policy.
[REPRO_STATUS] Ours-specific documented choices: L_align drives the ALG controller; epoch-1 derivative is initialized to zero; attention heads/reduction/loss reduction follow the supplied source.
[DATA] requested_root=/app/data/chaoyang
[DATA] resolved_root=/app/data/chaoyang/drive-download-20260714T054439Z-1-001
[DATA] Validating official Chaoyang train/test splits and labels
[DATA] train_split verified samples=4021 normal=1111 serrated=842 adenocarcinoma=1404 adenoma=664 first_image_size=(512, 512)
[DATA] test_split verified samples=2139 normal=705 serrated=321 adenocarcinoma=840 adenoma=273 first_image_size=(512, 512)
[DATA] train_samples=4021 test_samples=2139
[DATA] student_image=224 teacher_image=32 batch_size=64 num_workers=4 smoke=False eval_resize=direct train=official_train eval=official_test
[DATA] test_split verified samples=2139 normal=705 serrated=321 adenocarcinoma=840 adenoma=273 first_image_size=(512, 512)
[TEACHER] selected=best epoch=94 top1=76.72% sha256=8cadc2d471311cfb055ed4d860a9acc858fb73f7e73a2b9678c69993c3590f04
[TEACHER_NATIVE_AUDIT] checkpoint_top1=76.72% native_direct_32px_top1=76.72% gap=+0.00pp
[TEACHER_SHARED_VIEW] resize_224_to_32px_top1=54.79% gap_to_native_checkpoint=-21.93pp diagnostic_only=True feature_path=source_faithful
[MODEL] teacher_params=855,380 student=deit_tiny_patch16_224 student_params=5,525,188 ours_trainable_params=55,901
[FEATURE_CHECK] teacher_raw=[(2, 16, 32, 32), (2, 32, 16, 16), (2, 64, 8, 8)] student_blocks=12x(2, 192, 14, 14) stage_targets=[(2, 16, 32, 32), (2, 32, 16, 16), (2, 64, 8, 8)] aligned=[(2, 16, 32, 32), (2, 32, 16, 16), (2, 64, 8, 8)] fused=[(2, 16, 32, 32), (2, 32, 16, 16), (2, 64, 8, 8)] probe_align=767.2850 probe_fuse=961.0599
[AGGREGATION_INIT] stage1[b9=0.083,b7=0.083,b8=0.083] stage2[b9=0.083,b7=0.083,b8=0.083] stage3[b9=0.083,b7=0.083,b8=0.083]
[STUDENT] optimizer=adamw lr=0.0005 weight_decay=0.05 epochs=100 effective_warmup=5
[OURS][001/100] loss=50.4610 ce=1.3627 align=15.9377 fuse=23.3409 feature=19.6393 beta=2.5000 guidance_active_next=True alg_raw_derivative=0.000000 alg_smoothed_derivative=0.000000 guidance_stop_epoch=None train_acc=33.37% val_acc=39.27% best=39.27% lr=0.0001 time=13.3s avg_epoch=13.3s est_planned=22m 14s elapsed=13s saved_best
[OURS][002/100] loss=40.0042 ce=1.3406 align=11.1482 fuse=19.7827 feature=15.4654 beta=2.5000 guidance_active_next=True alg_raw_derivative=-2.394762 alg_smoothed_derivative=-1.197381 guidance_stop_epoch=None train_acc=34.99% val_acc=36.65% best=39.27% lr=0.0002 time=9.4s avg_epoch=11.4s est_planned=18m 58s elapsed=23s
[OURS][003/100] loss=31.5433 ce=1.3012 align=9.7450 fuse=14.4487 feature=12.0969 beta=2.5000 guidance_active_next=True alg_raw_derivative=-1.265975 alg_smoothed_derivative=-1.220246 guidance_stop_epoch=None train_acc=43.25% val_acc=45.68% best=45.68% lr=0.0003 time=8.8s avg_epoch=10.5s est_planned=17m 31s elapsed=32s saved_best
[OURS][004/100] loss=26.7130 ce=1.1980 align=9.4066 fuse=11.0054 feature=10.2060 beta=2.5000 guidance_active_next=True alg_raw_derivative=-0.717602 alg_smoothed_derivative=-1.094585 guidance_stop_epoch=None train_acc=53.47% val_acc=55.82% best=55.82% lr=0.0004 time=9.7s avg_epoch=10.3s est_planned=17m 10s elapsed=42s saved_best
[OURS][005/100] loss=24.6900 ce=1.1498 align=8.9796 fuse=9.8525 feature=9.4161 beta=2.5000 guidance_active_next=True alg_raw_derivative=-0.515953 alg_smoothed_derivative=-0.978859 guidance_stop_epoch=None train_acc=55.68% val_acc=58.16% best=58.16% lr=0.0005 time=9.6s avg_epoch=10.2s est_planned=16m 56s elapsed=51s saved_best
[OURS][006/100] loss=22.7451 ce=1.1005 align=8.1607 fuse=9.1550 feature=8.6578 beta=2.5000 guidance_active_next=True alg_raw_derivative=-0.480457 alg_smoothed_derivative=-0.895792 guidance_stop_epoch=None train_acc=59.14% val_acc=51.89% best=58.16% lr=0.0005 time=9.6s avg_epoch=10.1s est_planned=16m 47s elapsed=1m 01s
[OURS][007/100] loss=22.1006 ce=1.1146 align=7.9949 fuse=8.7939 feature=8.3944 beta=2.5000 guidance_active_next=True alg_raw_derivative=-0.366869 alg_smoothed_derivative=-0.820231 guidance_stop_epoch=None train_acc=58.14% val_acc=64.28% best=64.28% lr=0.000499863 time=9.6s avg_epoch=10.0s est_planned=16m 40s elapsed=1m 11s saved_best
[OURS][008/100] loss=20.7165 ce=1.0317 align=7.4593 fuse=8.2886 feature=7.8739 beta=2.5000 guidance_active_next=True alg_raw_derivative=-0.342102 alg_smoothed_derivative=-0.760465 guidance_stop_epoch=None train_acc=63.14% val_acc=70.45% best=70.45% lr=0.000499453 time=10.0s avg_epoch=10.0s est_planned=16m 40s elapsed=1m 21s saved_best
[OURS][009/100] loss=20.1110 ce=1.0082 align=7.2921 fuse=7.9901 feature=7.6411 beta=2.5000 guidance_active_next=True alg_raw_derivative=-0.284650 alg_smoothed_derivative=-0.707597 guidance_stop_epoch=None train_acc=64.61% val_acc=65.45% best=70.45% lr=0.000498771 time=9.6s avg_epoch=10.0s est_planned=16m 36s elapsed=1m 31s
[OURS][010/100] loss=19.8921 ce=0.9741 align=7.3505 fuse=7.7839 feature=7.5672 beta=2.5000 guidance_active_next=True alg_raw_derivative=-0.221887 alg_smoothed_derivative=-0.659026 guidance_stop_epoch=None train_acc=65.88% val_acc=69.99% best=70.45% lr=0.000497816 time=9.7s avg_epoch=9.9s est_planned=16m 34s elapsed=1m 40s
[OURS][011/100] loss=19.0641 ce=0.9383 align=6.9672 fuse=7.5334 feature=7.2503 beta=2.5000 guidance_active_next=True alg_raw_derivative=-0.216384 alg_smoothed_derivative=-0.618786 guidance_stop_epoch=None train_acc=68.66% val_acc=69.14% best=70.45% lr=0.00049659 time=8.8s avg_epoch=9.8s est_planned=16m 24s elapsed=1m 49s
[OURS][012/100] loss=19.0463 ce=0.9473 align=7.0243 fuse=7.4549 feature=7.2396 beta=2.5000 guidance_active_next=True alg_raw_derivative=-0.175564 alg_smoothed_derivative=-0.581850 guidance_stop_epoch=None train_acc=67.92% val_acc=67.74% best=70.45% lr=0.000495095 time=8.5s avg_epoch=9.7s est_planned=16m 13s elapsed=1m 58s
[OURS][013/100] loss=18.2240 ce=0.8877 align=6.6969 fuse=7.1721 feature=6.9345 beta=2.5000 guidance_active_next=True alg_raw_derivative=-0.173737 alg_smoothed_derivative=-0.550457 guidance_stop_epoch=None train_acc=70.75% val_acc=70.50% best=70.50% lr=0.000493332 time=9.8s avg_epoch=9.7s est_planned=16m 13s elapsed=2m 08s saved_best
[OURS][014/100] loss=18.0500 ce=0.8872 align=6.6690 fuse=7.0612 feature=6.8651 beta=2.5000 guidance_active_next=True alg_raw_derivative=-0.150910 alg_smoothed_derivative=-0.521918 guidance_stop_epoch=None train_acc=70.16% val_acc=73.35% best=73.35% lr=0.000491302 time=9.9s avg_epoch=9.7s est_planned=16m 14s elapsed=2m 18s saved_best
[OURS][015/100] loss=17.7563 ce=0.8792 align=6.5795 fuse=6.9222 feature=6.7509 beta=2.5000 guidance_active_next=True alg_raw_derivative=-0.136757 alg_smoothed_derivative=-0.496241 guidance_stop_epoch=None train_acc=70.75% val_acc=65.40% best=73.35% lr=0.000489009 time=10.1s avg_epoch=9.8s est_planned=16m 17s elapsed=2m 28s
[OURS][016/100] loss=17.3372 ce=0.8496 align=6.3980 fuse=6.7921 feature=6.5950 beta=2.5000 guidance_active_next=True alg_raw_derivative=-0.131003 alg_smoothed_derivative=-0.473413 guidance_stop_epoch=None train_acc=72.79% val_acc=71.76% best=73.35% lr=0.000486454 time=9.7s avg_epoch=9.8s est_planned=16m 17s elapsed=2m 38s
[OURS][017/100] loss=17.2656 ce=0.8565 align=6.3862 fuse=6.7411 feature=6.5637 beta=2.5000 guidance_active_next=True alg_raw_derivative=-0.116289 alg_smoothed_derivative=-0.452406 guidance_stop_epoch=None train_acc=72.32% val_acc=73.07% best=73.35% lr=0.000483641 time=9.0s avg_epoch=9.7s est_planned=16m 12s elapsed=2m 47s
[OURS][018/100] loss=16.9460 ce=0.8265 align=6.3166 fuse=6.5790 feature=6.4478 beta=2.5000 guidance_active_next=True alg_raw_derivative=-0.107236 alg_smoothed_derivative=-0.433230 guidance_stop_epoch=None train_acc=73.94% val_acc=75.36% best=75.36% lr=0.000480572 time=10.0s avg_epoch=9.7s est_planned=16m 13s elapsed=2m 57s saved_best
[OURS][019/100] loss=16.9452 ce=0.8258 align=6.3402 fuse=6.5553 feature=6.4478 beta=2.5000 guidance_active_next=True alg_raw_derivative=-0.094702 alg_smoothed_derivative=-0.415413 guidance_stop_epoch=None train_acc=74.21% val_acc=74.75% best=75.36% lr=0.000477252 time=10.0s avg_epoch=9.7s est_planned=16m 15s elapsed=3m 07s
[OURS][020/100] loss=16.4907 ce=0.7946 align=6.1649 fuse=6.3920 feature=6.2784 beta=2.5000 guidance_active_next=True alg_raw_derivative=-0.093998 alg_smoothed_derivative=-0.399342 guidance_stop_epoch=None train_acc=76.20% val_acc=73.82% best=75.36% lr=0.000473682 time=10.0s avg_epoch=9.8s est_planned=16m 16s elapsed=3m 17s
[OURS][021/100] loss=16.3615 ce=0.7981 align=6.1092 fuse=6.3415 feature=6.2254 beta=2.5000 guidance_active_next=True alg_raw_derivative=-0.087697 alg_smoothed_derivative=-0.384502 guidance_stop_epoch=None train_acc=75.95% val_acc=74.10% best=75.36% lr=0.000469868 time=9.9s avg_epoch=9.8s est_planned=16m 17s elapsed=3m 27s
[OURS][022/100] loss=16.1513 ce=0.7831 align=6.0584 fuse=6.2362 feature=6.1473 beta=2.5000 guidance_active_next=True alg_raw_derivative=-0.082034 alg_smoothed_derivative=-0.370753 guidance_stop_epoch=None train_acc=76.22% val_acc=71.44% best=75.36% lr=0.000465814 time=10.1s avg_epoch=9.8s est_planned=16m 18s elapsed=3m 37s
[OURS][023/100] loss=16.2271 ce=0.7881 align=6.1139 fuse=6.2373 feature=6.1756 beta=2.5000 guidance_active_next=True alg_raw_derivative=-0.072489 alg_smoothed_derivative=-0.357785 guidance_stop_epoch=None train_acc=76.75% val_acc=75.83% best=75.83% lr=0.000461524 time=10.0s avg_epoch=9.8s est_planned=16m 19s elapsed=3m 47s saved_best
[OURS][024/100] loss=15.9677 ce=0.7792 align=6.0345 fuse=6.1163 feature=6.0754 beta=2.5000 guidance_active_next=True alg_raw_derivative=-0.069755 alg_smoothed_derivative=-0.345784 guidance_stop_epoch=None train_acc=76.87% val_acc=76.20% best=76.20% lr=0.000457002 time=9.8s avg_epoch=9.8s est_planned=16m 19s elapsed=3m 57s saved_best
[OURS][025/100] loss=15.7824 ce=0.7498 align=5.9683 fuse=6.0578 feature=6.0130 beta=2.5000 guidance_active_next=True alg_raw_derivative=-0.066824 alg_smoothed_derivative=-0.334625 guidance_stop_epoch=None train_acc=78.21% val_acc=78.40% best=78.40% lr=0.000452254 time=9.8s avg_epoch=9.8s est_planned=16m 19s elapsed=4m 07s saved_best
[OURS][026/100] loss=16.0029 ce=0.7809 align=6.1003 fuse=6.0773 feature=6.0888 beta=2.5000 guidance_active_next=True alg_raw_derivative=-0.056608 alg_smoothed_derivative=-0.323932 guidance_stop_epoch=None train_acc=76.45% val_acc=78.17% best=78.40% lr=0.000447285 time=10.0s avg_epoch=9.8s est_planned=16m 20s elapsed=4m 17s
[OURS][027/100] loss=15.6925 ce=0.7591 align=5.9728 fuse=5.9739 feature=5.9733 beta=2.5000 guidance_active_next=True alg_raw_derivative=-0.057137 alg_smoothed_derivative=-0.314051 guidance_stop_epoch=None train_acc=77.87% val_acc=76.76% best=78.40% lr=0.0004421 time=9.7s avg_epoch=9.8s est_planned=16m 19s elapsed=4m 27s
[OURS][028/100] loss=15.5917 ce=0.7545 align=5.9165 fuse=5.9533 feature=5.9349 beta=2.5000 guidance_active_next=True alg_raw_derivative=-0.055066 alg_smoothed_derivative=-0.304802 guidance_stop_epoch=None train_acc=78.31% val_acc=77.05% best=78.40% lr=0.000436705 time=9.7s avg_epoch=9.8s est_planned=16m 19s elapsed=4m 37s
[OURS][029/100] loss=15.6201 ce=0.7424 align=5.9163 fuse=5.9859 feature=5.9511 beta=2.5000 guidance_active_next=True alg_raw_derivative=-0.051276 alg_smoothed_derivative=-0.296059 guidance_stop_epoch=None train_acc=78.89% val_acc=76.86% best=78.40% lr=0.000431106 time=9.6s avg_epoch=9.8s est_planned=16m 19s elapsed=4m 46s
[OURS][030/100] loss=15.4172 ce=0.7490 align=5.8797 fuse=5.8549 feature=5.8673 beta=2.5000 guidance_active_next=True alg_raw_derivative=-0.049077 alg_smoothed_derivative=-0.287827 guidance_stop_epoch=None train_acc=78.84% val_acc=78.59% best=78.59% lr=0.000425309 time=9.7s avg_epoch=9.8s est_planned=16m 18s elapsed=4m 56s saved_best
[OURS][031/100] loss=15.1766 ce=0.7171 align=5.7878 fuse=5.7798 feature=5.7838 beta=2.5000 guidance_active_next=True alg_raw_derivative=-0.048875 alg_smoothed_derivative=-0.280119 guidance_stop_epoch=None train_acc=80.25% val_acc=77.23% best=78.59% lr=0.00041932 time=9.6s avg_epoch=9.8s est_planned=16m 18s elapsed=5m 06s
[OURS][032/100] loss=15.1005 ce=0.7124 align=5.7560 fuse=5.7545 feature=5.7552 beta=2.5000 guidance_active_next=True alg_raw_derivative=-0.046813 alg_smoothed_derivative=-0.272828 guidance_stop_epoch=None train_acc=80.08% val_acc=74.05% best=78.59% lr=0.000413146 time=9.6s avg_epoch=9.8s est_planned=16m 17s elapsed=5m 16s
[OURS][033/100] loss=15.1376 ce=0.7254 align=5.7873 fuse=5.7425 feature=5.7649 beta=2.5000 guidance_active_next=True alg_raw_derivative=-0.043028 alg_smoothed_derivative=-0.265864 guidance_stop_epoch=None train_acc=79.88% val_acc=78.31% best=78.59% lr=0.000406794 time=9.5s avg_epoch=9.8s est_planned=16m 16s elapsed=5m 25s
[OURS][034/100] loss=15.0989 ce=0.7121 align=5.7741 fuse=5.7353 feature=5.7547 beta=2.5000 guidance_active_next=True alg_raw_derivative=-0.040886 alg_smoothed_derivative=-0.259247 guidance_stop_epoch=None train_acc=80.18% val_acc=77.09% best=78.59% lr=0.00040027 time=9.5s avg_epoch=9.8s est_planned=16m 16s elapsed=5m 35s
[OURS][035/100] loss=14.9220 ce=0.6954 align=5.7120 fuse=5.6693 feature=5.6906 beta=2.5000 guidance_active_next=True alg_raw_derivative=-0.040323 alg_smoothed_derivative=-0.252992 guidance_stop_epoch=None train_acc=81.12% val_acc=79.01% best=79.01% lr=0.000393582 time=9.6s avg_epoch=9.8s est_planned=16m 15s elapsed=5m 45s saved_best
[OURS][036/100] loss=14.9066 ce=0.6972 align=5.7071 fuse=5.6603 feature=5.6837 beta=2.5000 guidance_active_next=True alg_raw_derivative=-0.038218 alg_smoothed_derivative=-0.247026 guidance_stop_epoch=None train_acc=81.12% val_acc=76.20% best=79.01% lr=0.000386737 time=9.6s avg_epoch=9.7s est_planned=16m 15s elapsed=5m 54s
[OURS][037/100] loss=14.8093 ce=0.7028 align=5.6807 fuse=5.6045 feature=5.6426 beta=2.5000 guidance_active_next=True alg_raw_derivative=-0.036867 alg_smoothed_derivative=-0.241346 guidance_stop_epoch=None train_acc=81.25% val_acc=78.07% best=79.01% lr=0.000379742 time=10.1s avg_epoch=9.8s est_planned=16m 16s elapsed=6m 04s
[OURS][038/100] loss=14.7185 ce=0.6953 align=5.6335 fuse=5.5851 feature=5.6093 beta=2.5000 guidance_active_next=True alg_raw_derivative=-0.036168 alg_smoothed_derivative=-0.235947 guidance_stop_epoch=None train_acc=80.88% val_acc=80.41% best=80.41% lr=0.000372606 time=9.9s avg_epoch=9.8s est_planned=16m 16s elapsed=6m 14s saved_best
[OURS][039/100] loss=14.5983 ce=0.6937 align=5.5862 fuse=5.5375 feature=5.5618 beta=2.5000 guidance_active_next=True alg_raw_derivative=-0.035526 alg_smoothed_derivative=-0.230808 guidance_stop_epoch=None train_acc=81.17% val_acc=75.69% best=80.41% lr=0.000365335 time=9.7s avg_epoch=9.8s est_planned=16m 16s elapsed=6m 24s
[OURS][040/100] loss=14.5536 ce=0.6890 align=5.5714 fuse=5.5203 feature=5.5458 beta=2.5000 guidance_active_next=True alg_raw_derivative=-0.034120 alg_smoothed_derivative=-0.225891 guidance_stop_epoch=None train_acc=81.22% val_acc=77.33% best=80.41% lr=0.000357939 time=9.1s avg_epoch=9.7s est_planned=16m 14s elapsed=6m 33s
[OURS][041/100] loss=14.4261 ce=0.6856 align=5.5304 fuse=5.4620 feature=5.4962 beta=2.5000 guidance_active_next=True alg_raw_derivative=-0.033456 alg_smoothed_derivative=-0.221197 guidance_stop_epoch=None train_acc=81.67% val_acc=78.40% best=80.41% lr=0.000350424 time=9.6s avg_epoch=9.7s est_planned=16m 14s elapsed=6m 43s
[OURS][042/100] loss=14.3186 ce=0.6713 align=5.4832 fuse=5.4346 feature=5.4589 beta=2.5000 guidance_active_next=True alg_raw_derivative=-0.032986 alg_smoothed_derivative=-0.216716 guidance_stop_epoch=None train_acc=82.59% val_acc=79.52% best=80.41% lr=0.000342799 time=9.8s avg_epoch=9.7s est_planned=16m 14s elapsed=6m 53s
[OURS][043/100] loss=14.0769 ce=0.6715 align=5.3642 fuse=5.3601 feature=5.3622 beta=2.5000 guidance_active_next=True alg_raw_derivative=-0.034219 alg_smoothed_derivative=-0.212472 guidance_stop_epoch=None train_acc=82.57% val_acc=78.07% best=80.41% lr=0.000335073 time=9.2s avg_epoch=9.7s est_planned=16m 13s elapsed=7m 02s
[OURS][044/100] loss=13.7818 ce=0.6707 align=5.2386 fuse=5.2503 feature=5.2444 beta=2.5000 guidance_active_next=True alg_raw_derivative=-0.035519 alg_smoothed_derivative=-0.208450 guidance_stop_epoch=None train_acc=82.52% val_acc=75.78% best=80.41% lr=0.000327254 time=9.3s avg_epoch=9.7s est_planned=16m 12s elapsed=7m 12s
[OURS][045/100] loss=13.6681 ce=0.6649 align=5.1729 fuse=5.2296 feature=5.2013 beta=2.5000 guidance_active_next=True alg_raw_derivative=-0.035400 alg_smoothed_derivative=-0.204605 guidance_stop_epoch=None train_acc=82.86% val_acc=80.65% best=80.65% lr=0.000319351 time=9.9s avg_epoch=9.7s est_planned=16m 12s elapsed=7m 22s saved_best
[OURS][046/100] loss=13.4820 ce=0.6637 align=5.0973 fuse=5.1574 feature=5.1273 beta=2.5000 guidance_active_next=True alg_raw_derivative=-0.035504 alg_smoothed_derivative=-0.200928 guidance_stop_epoch=None train_acc=83.41% val_acc=81.11% best=81.11% lr=0.000311371 time=9.8s avg_epoch=9.7s est_planned=16m 12s elapsed=7m 31s saved_best
[OURS][047/100] loss=13.3490 ce=0.6515 align=5.0410 fuse=5.1169 feature=5.0790 beta=2.5000 guidance_active_next=True alg_raw_derivative=-0.035191 alg_smoothed_derivative=-0.197402 guidance_stop_epoch=None train_acc=83.14% val_acc=78.92% best=81.11% lr=0.000303325 time=9.8s avg_epoch=9.7s est_planned=16m 13s elapsed=7m 41s
[OURS][048/100] loss=13.1320 ce=0.6346 align=4.9522 fuse=5.0457 feature=4.9990 beta=2.5000 guidance_active_next=True alg_raw_derivative=-0.035575 alg_smoothed_derivative=-0.194031 guidance_stop_epoch=None train_acc=84.68% val_acc=78.31% best=81.11% lr=0.00029522 time=9.7s avg_epoch=9.7s est_planned=16m 12s elapsed=7m 51s
[OURS][049/100] loss=12.9537 ce=0.6426 align=4.8606 fuse=4.9882 feature=4.9244 beta=2.5000 guidance_active_next=True alg_raw_derivative=-0.035993 alg_smoothed_derivative=-0.190805 guidance_stop_epoch=None train_acc=84.28% val_acc=78.78% best=81.11% lr=0.000287066 time=9.5s avg_epoch=9.7s est_planned=16m 12s elapsed=8m 01s
[OURS][050/100] loss=12.8936 ce=0.6274 align=4.8566 fuse=4.9564 feature=4.9065 beta=2.5000 guidance_active_next=True alg_raw_derivative=-0.034634 alg_smoothed_derivative=-0.187682 guidance_stop_epoch=None train_acc=85.13% val_acc=79.76% best=81.11% lr=0.000278871 time=9.5s avg_epoch=9.7s est_planned=16m 12s elapsed=8m 10s
[OURS][051/100] loss=12.6405 ce=0.6266 align=4.7316 fuse=4.8796 feature=4.8056 beta=2.5000 guidance_active_next=True alg_raw_derivative=-0.224122 alg_smoothed_derivative=-0.192164 guidance_stop_epoch=None train_acc=85.05% val_acc=79.66% best=81.11% lr=0.000270645 time=9.1s avg_epoch=9.7s est_planned=16m 11s elapsed=8m 20s
[OURS][052/100] loss=12.5214 ce=0.6165 align=4.6820 fuse=4.8419 feature=4.7620 beta=2.5000 guidance_active_next=True alg_raw_derivative=-0.129323 alg_smoothed_derivative=-0.146856 guidance_stop_epoch=None train_acc=85.65% val_acc=77.28% best=81.11% lr=0.000262396 time=9.2s avg_epoch=9.7s est_planned=16m 10s elapsed=8m 29s
[OURS][053/100] loss=12.5005 ce=0.6256 align=4.6712 fuse=4.8288 feature=4.7500 beta=2.5000 guidance_active_next=True alg_raw_derivative=-0.101477 alg_smoothed_derivative=-0.123566 guidance_stop_epoch=None train_acc=85.10% val_acc=78.21% best=81.11% lr=0.000254133 time=9.4s avg_epoch=9.7s est_planned=16m 09s elapsed=8m 38s
[OURS][054/100] loss=12.2878 ce=0.6129 align=4.5887 fuse=4.7513 feature=4.6700 beta=2.5000 guidance_active_next=True alg_raw_derivative=-0.096358 alg_smoothed_derivative=-0.111141 guidance_stop_epoch=None train_acc=85.92% val_acc=81.11% best=81.11% lr=0.000245867 time=9.4s avg_epoch=9.7s est_planned=16m 08s elapsed=8m 48s saved_best
[OURS][055/100] loss=12.1837 ce=0.6020 align=4.5514 fuse=4.7140 feature=4.6327 beta=2.5000 guidance_active_next=True alg_raw_derivative=-0.088564 alg_smoothed_derivative=-0.102593 guidance_stop_epoch=None train_acc=86.92% val_acc=79.48% best=81.11% lr=0.000237604 time=9.7s avg_epoch=9.7s est_planned=16m 08s elapsed=8m 58s
[OURS][056/100] loss=12.1316 ce=0.5871 align=4.5399 fuse=4.6957 feature=4.6178 beta=2.5000 guidance_active_next=True alg_raw_derivative=-0.072415 alg_smoothed_derivative=-0.094432 guidance_stop_epoch=None train_acc=87.19% val_acc=77.93% best=81.11% lr=0.000229355 time=10.1s avg_epoch=9.7s est_planned=16m 09s elapsed=9m 08s
[OURS][057/100] loss=12.0072 ce=0.5857 align=4.4842 fuse=4.6530 feature=4.5686 beta=2.5000 guidance_active_next=True alg_raw_derivative=-0.070213 alg_smoothed_derivative=-0.088499 guidance_stop_epoch=None train_acc=87.14% val_acc=77.61% best=81.11% lr=0.000221129 time=9.9s avg_epoch=9.7s est_planned=16m 09s elapsed=9m 18s
[OURS][058/100] loss=11.8324 ce=0.5692 align=4.4087 fuse=4.6019 feature=4.5053 beta=2.5000 guidance_active_next=True alg_raw_derivative=-0.061012 alg_smoothed_derivative=-0.082877 guidance_stop_epoch=None train_acc=88.16% val_acc=80.18% best=81.11% lr=0.000212934 time=9.9s avg_epoch=9.7s est_planned=16m 10s elapsed=9m 28s
[OURS][059/100] loss=11.8936 ce=0.5668 align=4.4440 fuse=4.6175 feature=4.5307 beta=2.5000 guidance_active_next=True alg_raw_derivative=-0.056963 alg_smoothed_derivative=-0.078324 guidance_stop_epoch=None train_acc=88.26% val_acc=78.31% best=81.11% lr=0.00020478 time=9.4s avg_epoch=9.7s est_planned=16m 09s elapsed=9m 37s
[OURS][060/100] loss=11.8441 ce=0.5671 align=4.4234 fuse=4.5982 feature=4.5108 beta=2.5000 guidance_active_next=True alg_raw_derivative=-0.058542 alg_smoothed_derivative=-0.075057 guidance_stop_epoch=None train_acc=88.56% val_acc=77.33% best=81.11% lr=0.000196675 time=9.7s avg_epoch=9.7s est_planned=16m 09s elapsed=9m 47s
[OURS][061/100] loss=11.6625 ce=0.5602 align=4.3534 fuse=4.5285 feature=4.4409 beta=2.5000 guidance_active_next=True alg_raw_derivative=-0.052277 alg_smoothed_derivative=-0.071774 guidance_stop_epoch=None train_acc=89.16% val_acc=80.22% best=81.11% lr=0.000188629 time=9.6s avg_epoch=9.7s est_planned=16m 09s elapsed=9m 57s
[OURS][062/100] loss=11.6635 ce=0.5412 align=4.3705 fuse=4.5274 feature=4.4489 beta=2.5000 guidance_active_next=True alg_raw_derivative=-0.053077 alg_smoothed_derivative=-0.069325 guidance_stop_epoch=None train_acc=90.08% val_acc=77.61% best=81.11% lr=0.000180649 time=9.3s avg_epoch=9.7s est_planned=16m 09s elapsed=10m 06s
[OURS][063/100] loss=11.5459 ce=0.5377 align=4.3101 fuse=4.4964 feature=4.4033 beta=2.5000 guidance_active_next=True alg_raw_derivative=-0.047736 alg_smoothed_derivative=-0.066805 guidance_stop_epoch=None train_acc=90.62% val_acc=79.76% best=81.11% lr=0.000172746 time=9.4s avg_epoch=9.7s est_planned=16m 08s elapsed=10m 15s
[OURS][064/100] loss=11.4705 ce=0.5278 align=4.2838 fuse=4.4704 feature=4.3771 beta=2.5000 guidance_active_next=True alg_raw_derivative=-0.047705 alg_smoothed_derivative=-0.064741 guidance_stop_epoch=None train_acc=90.60% val_acc=79.57% best=81.11% lr=0.000164927 time=9.6s avg_epoch=9.7s est_planned=16m 08s elapsed=10m 25s
[OURS][065/100] loss=11.4011 ce=0.5323 align=4.2536 fuse=4.4415 feature=4.3475 beta=2.5000 guidance_active_next=True alg_raw_derivative=-0.046519 alg_smoothed_derivative=-0.062936 guidance_stop_epoch=None train_acc=90.40% val_acc=80.18% best=81.11% lr=0.000157201 time=10.0s avg_epoch=9.7s est_planned=16m 08s elapsed=10m 35s
[OURS][066/100] loss=11.4262 ce=0.5149 align=4.2761 fuse=4.4530 feature=4.3645 beta=2.5000 guidance_active_next=True alg_raw_derivative=-0.042439 alg_smoothed_derivative=-0.061165 guidance_stop_epoch=None train_acc=91.62% val_acc=79.57% best=81.11% lr=0.000149576 time=9.9s avg_epoch=9.7s est_planned=16m 09s elapsed=10m 45s
[OURS][067/100] loss=11.3237 ce=0.5080 align=4.2301 fuse=4.4224 feature=4.3263 beta=2.5000 guidance_active_next=True alg_raw_derivative=-0.043121 alg_smoothed_derivative=-0.059701 guidance_stop_epoch=None train_acc=92.22% val_acc=78.87% best=81.11% lr=0.000142061 time=9.5s avg_epoch=9.7s est_planned=16m 08s elapsed=10m 55s
[OURS][068/100] loss=11.2722 ce=0.5173 align=4.2132 fuse=4.3906 feature=4.3019 beta=2.5000 guidance_active_next=True alg_raw_derivative=-0.042067 alg_smoothed_derivative=-0.058398 guidance_stop_epoch=None train_acc=91.15% val_acc=79.52% best=81.11% lr=0.000134665 time=9.2s avg_epoch=9.7s est_planned=16m 08s elapsed=11m 04s
[OURS][069/100] loss=11.1356 ce=0.5006 align=4.1579 fuse=4.3500 feature=4.2540 beta=2.5000 guidance_active_next=True alg_raw_derivative=-0.043646 alg_smoothed_derivative=-0.057377 guidance_stop_epoch=None train_acc=92.04% val_acc=78.26% best=81.11% lr=0.000127394 time=9.4s avg_epoch=9.7s est_planned=16m 07s elapsed=11m 14s
[OURS][070/100] loss=11.1675 ce=0.4891 align=4.1822 fuse=4.3606 feature=4.2714 beta=2.5000 guidance_active_next=True alg_raw_derivative=-0.039655 alg_smoothed_derivative=-0.056290 guidance_stop_epoch=None train_acc=92.94% val_acc=78.59% best=81.11% lr=0.000120258 time=10.1s avg_epoch=9.7s est_planned=16m 08s elapsed=11m 24s
[OURS][071/100] loss=11.0790 ce=0.4857 align=4.1412 fuse=4.3335 feature=4.2373 beta=2.5000 guidance_active_next=True alg_raw_derivative=-0.039361 alg_smoothed_derivative=-0.055323 guidance_stop_epoch=None train_acc=93.16% val_acc=79.38% best=81.11% lr=0.000113263 time=10.1s avg_epoch=9.7s est_planned=16m 09s elapsed=11m 34s
[OURS][072/100] loss=11.0772 ce=0.4799 align=4.1474 fuse=4.3305 feature=4.2389 beta=2.5000 guidance_active_next=True alg_raw_derivative=-0.038221 alg_smoothed_derivative=-0.054447 guidance_stop_epoch=None train_acc=93.63% val_acc=80.65% best=81.11% lr=0.000106418 time=10.1s avg_epoch=9.7s est_planned=16m 09s elapsed=11m 44s
[OURS][073/100] loss=11.0076 ce=0.4730 align=4.1132 fuse=4.3145 feature=4.2138 beta=2.5000 guidance_active_next=True alg_raw_derivative=-0.040014 alg_smoothed_derivative=-0.053797 guidance_stop_epoch=None train_acc=93.76% val_acc=79.24% best=81.11% lr=9.97297e-05 time=9.2s avg_epoch=9.7s est_planned=16m 08s elapsed=11m 53s
[OURS][074/100] loss=10.9709 ce=0.4734 align=4.1037 fuse=4.2943 feature=4.1990 beta=2.5000 guidance_active_next=True alg_raw_derivative=-0.038618 alg_smoothed_derivative=-0.053175 guidance_stop_epoch=None train_acc=93.51% val_acc=80.46% best=81.11% lr=9.32059e-05 time=9.6s avg_epoch=9.7s est_planned=16m 08s elapsed=12m 03s
[OURS][075/100] loss=10.9141 ce=0.4579 align=4.0850 fuse=4.2799 feature=4.1825 beta=2.5000 guidance_active_next=True alg_raw_derivative=-0.037665 alg_smoothed_derivative=-0.052591 guidance_stop_epoch=None train_acc=94.80% val_acc=79.66% best=81.11% lr=8.68536e-05 time=9.9s avg_epoch=9.7s est_planned=16m 08s elapsed=12m 13s
[OURS][076/100] loss=10.9037 ce=0.4568 align=4.0837 fuse=4.2738 feature=4.1788 beta=2.5000 guidance_active_next=True alg_raw_derivative=-0.040332 alg_smoothed_derivative=-0.052266 guidance_stop_epoch=None train_acc=94.75% val_acc=79.34% best=81.11% lr=8.06796e-05 time=9.9s avg_epoch=9.7s est_planned=16m 09s elapsed=12m 23s
[OURS][077/100] loss=10.8655 ce=0.4531 align=4.0679 fuse=4.2620 feature=4.1650 beta=2.5000 guidance_active_next=True alg_raw_derivative=-0.038097 alg_smoothed_derivative=-0.051885 guidance_stop_epoch=None train_acc=95.10% val_acc=79.71% best=81.11% lr=7.46908e-05 time=9.5s avg_epoch=9.7s est_planned=16m 09s elapsed=12m 32s
[OURS][078/100] loss=10.8060 ce=0.4390 align=4.0517 fuse=4.2420 feature=4.1468 beta=2.5000 guidance_active_next=True alg_raw_derivative=-0.037296 alg_smoothed_derivative=-0.051530 guidance_stop_epoch=None train_acc=96.02% val_acc=80.60% best=81.11% lr=6.88937e-05 time=9.9s avg_epoch=9.7s est_planned=16m 09s elapsed=12m 42s
[OURS][079/100] loss=10.7936 ce=0.4400 align=4.0444 fuse=4.2385 feature=4.1414 beta=2.5000 guidance_active_next=True alg_raw_derivative=-0.037437 alg_smoothed_derivative=-0.051253 guidance_stop_epoch=None train_acc=95.65% val_acc=79.01% best=81.11% lr=6.32946e-05 time=9.6s avg_epoch=9.7s est_planned=16m 09s elapsed=12m 52s
[OURS][080/100] loss=10.7541 ce=0.4403 align=4.0290 fuse=4.2221 feature=4.1255 beta=2.5000 guidance_active_next=True alg_raw_derivative=-0.037014 alg_smoothed_derivative=-0.051012 guidance_stop_epoch=None train_acc=95.72% val_acc=81.21% best=81.21% lr=5.78997e-05 time=9.1s avg_epoch=9.7s est_planned=16m 08s elapsed=13m 01s saved_best
[OURS][081/100] loss=10.7388 ce=0.4304 align=4.0243 fuse=4.2224 feature=4.1234 beta=2.5000 guidance_active_next=True alg_raw_derivative=-0.035270 alg_smoothed_derivative=-0.050740 guidance_stop_epoch=None train_acc=96.37% val_acc=79.34% best=81.21% lr=5.27149e-05 time=9.3s avg_epoch=9.7s est_planned=16m 08s elapsed=13m 11s
[OURS][082/100] loss=10.6891 ce=0.4263 align=4.0042 fuse=4.2060 feature=4.1051 beta=2.5000 guidance_active_next=True alg_raw_derivative=-0.035037 alg_smoothed_derivative=-0.050504 guidance_stop_epoch=None train_acc=96.87% val_acc=81.21% best=81.21% lr=4.77458e-05 time=9.3s avg_epoch=9.7s est_planned=16m 07s elapsed=13m 20s saved_best
[OURS][083/100] loss=10.7006 ce=0.4215 align=4.0165 fuse=4.2068 feature=4.1116 beta=2.5000 guidance_active_next=True alg_raw_derivative=-0.035415 alg_smoothed_derivative=-0.050352 guidance_stop_epoch=None train_acc=96.52% val_acc=80.97% best=81.21% lr=4.29978e-05 time=9.7s avg_epoch=9.7s est_planned=16m 07s elapsed=13m 30s
[OURS][084/100] loss=10.6619 ce=0.4216 align=3.9989 fuse=4.1933 feature=4.0961 beta=2.5000 guidance_active_next=True alg_raw_derivative=-0.035503 alg_smoothed_derivative=-0.050244 guidance_stop_epoch=None train_acc=96.84% val_acc=79.76% best=81.21% lr=3.84762e-05 time=9.7s avg_epoch=9.7s est_planned=16m 07s elapsed=13m 40s
[OURS][085/100] loss=10.6298 ce=0.4198 align=3.9825 fuse=4.1854 feature=4.0840 beta=2.5000 guidance_active_next=True alg_raw_derivative=-0.034589 alg_smoothed_derivative=-0.050130 guidance_stop_epoch=None train_acc=96.94% val_acc=80.74% best=81.21% lr=3.41859e-05 time=9.9s avg_epoch=9.7s est_planned=16m 07s elapsed=13m 50s
[OURS][086/100] loss=10.6348 ce=0.4213 align=3.9837 fuse=4.1871 feature=4.0854 beta=2.5000 guidance_active_next=True alg_raw_derivative=-0.034469 alg_smoothed_derivative=-0.050055 guidance_stop_epoch=None train_acc=96.59% val_acc=80.55% best=81.21% lr=3.01316e-05 time=9.5s avg_epoch=9.7s est_planned=16m 07s elapsed=13m 59s
[OURS][087/100] loss=10.6189 ce=0.4093 align=3.9822 fuse=4.1854 feature=4.0838 beta=2.5000 guidance_active_next=True alg_raw_derivative=-0.033970 alg_smoothed_derivative=-0.049997 guidance_stop_epoch=None train_acc=97.41% val_acc=79.48% best=81.21% lr=2.63177e-05 time=9.8s avg_epoch=9.7s est_planned=16m 07s elapsed=14m 09s
[OURS][088/100] loss=10.5992 ce=0.4070 align=3.9756 fuse=4.1781 feature=4.0768 beta=2.5000 guidance_active_next=True alg_raw_derivative=-0.033158 alg_smoothed_derivative=-0.049936 guidance_stop_epoch=None train_acc=97.54% val_acc=79.71% best=81.21% lr=2.27484e-05 time=9.9s avg_epoch=9.7s est_planned=16m 07s elapsed=14m 19s
[OURS][089/100] loss=10.5818 ce=0.4054 align=3.9701 fuse=4.1709 feature=4.0705 beta=2.5000 guidance_active_next=True alg_raw_derivative=-0.032322 alg_smoothed_derivative=-0.049872 guidance_stop_epoch=None train_acc=97.59% val_acc=80.65% best=81.21% lr=1.94276e-05 time=9.5s avg_epoch=9.7s est_planned=16m 07s elapsed=14m 28s
[OURS][090/100] loss=10.5528 ce=0.4065 align=3.9569 fuse=4.1601 feature=4.0585 beta=2.5000 guidance_active_next=True alg_raw_derivative=-0.032290 alg_smoothed_derivative=-0.049836 guidance_stop_epoch=None train_acc=97.49% val_acc=80.55% best=81.21% lr=1.63589e-05 time=9.7s avg_epoch=9.7s est_planned=16m 07s elapsed=14m 38s
[OURS][091/100] loss=10.5707 ce=0.4073 align=3.9613 fuse=4.1695 feature=4.0654 beta=2.5000 guidance_active_next=True alg_raw_derivative=-0.031382 alg_smoothed_derivative=-0.049794 guidance_stop_epoch=None train_acc=97.46% val_acc=80.46% best=81.21% lr=1.35457e-05 time=9.8s avg_epoch=9.7s est_planned=16m 07s elapsed=14m 48s
[OURS][092/100] loss=10.5411 ce=0.4016 align=3.9517 fuse=4.1599 feature=4.0558 beta=2.5000 guidance_active_next=True alg_raw_derivative=-0.030631 alg_smoothed_derivative=-0.049747 guidance_stop_epoch=None train_acc=97.81% val_acc=79.71% best=81.21% lr=1.09911e-05 time=9.6s avg_epoch=9.7s est_planned=16m 07s elapsed=14m 58s
[OURS][093/100] loss=10.5161 ce=0.3962 align=3.9441 fuse=4.1518 feature=4.0480 beta=2.5000 guidance_active_next=True alg_raw_derivative=-0.028403 alg_smoothed_derivative=-0.049631 guidance_stop_epoch=None train_acc=98.06% val_acc=80.41% best=81.21% lr=8.69777e-06 time=9.6s avg_epoch=9.7s est_planned=16m 07s elapsed=15m 07s
[OURS][094/100] loss=10.5419 ce=0.4016 align=3.9532 fuse=4.1590 feature=4.0561 beta=2.5000 guidance_active_next=True alg_raw_derivative=-0.025707 alg_smoothed_derivative=-0.049435 guidance_stop_epoch=None train_acc=97.99% val_acc=80.74% best=81.21% lr=6.66835e-06 time=9.7s avg_epoch=9.7s est_planned=16m 07s elapsed=15m 17s
[OURS][095/100] loss=10.5213 ce=0.3977 align=3.9428 fuse=4.1561 feature=4.0495 beta=2.5000 guidance_active_next=True alg_raw_derivative=-0.024601 alg_smoothed_derivative=-0.049219 guidance_stop_epoch=None train_acc=98.18% val_acc=80.65% best=81.21% lr=4.90501e-06 time=9.8s avg_epoch=9.7s est_planned=16m 07s elapsed=15m 27s
[OURS][096/100] loss=10.5174 ce=0.3982 align=3.9413 fuse=4.1541 feature=4.0477 beta=2.5000 guidance_active_next=True alg_raw_derivative=-0.023119 alg_smoothed_derivative=-0.048971 guidance_stop_epoch=None train_acc=98.13% val_acc=80.18% best=81.21% lr=3.40967e-06 time=9.8s avg_epoch=9.7s est_planned=16m 08s elapsed=15m 37s
[OURS][097/100] loss=10.4999 ce=0.3950 align=3.9369 fuse=4.1470 feature=4.0420 beta=2.5000 guidance_active_next=True alg_raw_derivative=-0.022083 alg_smoothed_derivative=-0.048709 guidance_stop_epoch=None train_acc=98.26% val_acc=80.50% best=81.21% lr=2.18398e-06 time=9.8s avg_epoch=9.7s est_planned=16m 08s elapsed=15m 47s
[OURS][098/100] loss=10.4808 ce=0.3960 align=3.9275 fuse=4.1403 feature=4.0339 beta=2.5000 guidance_active_next=True alg_raw_derivative=-0.020494 alg_smoothed_derivative=-0.048407 guidance_stop_epoch=None train_acc=98.43% val_acc=80.65% best=81.21% lr=1.22927e-06 time=9.9s avg_epoch=9.7s est_planned=16m 08s elapsed=15m 57s
[OURS][099/100] loss=10.4918 ce=0.3947 align=3.9357 fuse=4.1420 feature=4.0389 beta=2.5000 guidance_active_next=True alg_raw_derivative=-0.018498 alg_smoothed_derivative=-0.048057 guidance_stop_epoch=None train_acc=98.28% val_acc=80.50% best=81.21% lr=5.46593e-07 time=9.9s avg_epoch=9.7s est_planned=16m 08s elapsed=16m 07s
[OURS][100/100] loss=10.4824 ce=0.3949 align=3.9304 fuse=4.1395 feature=4.0350 beta=2.5000 guidance_active_next=True alg_raw_derivative=-0.018522 alg_smoothed_derivative=-0.047735 guidance_stop_epoch=None train_acc=98.28% val_acc=80.46% best=81.21% lr=1.36686e-07 time=9.8s avg_epoch=9.7s est_planned=16m 08s elapsed=16m 17s
========================================================================
[FINAL_RESULT] ours_best_top1=81.21% vanilla_top1=82.00% gain_over_vanilla=-0.79pp
[TIMING] avg_epoch=9.7s planned_epochs=100 estimated_total=16m 08s elapsed=16m 17s
[AGGREGATION_FINAL] stage1[b7=0.092,b9=0.091,b8=0.091] stage2[b11=0.100,b10=0.099,b9=0.096] stage3[b10=0.110,b9=0.110,b11=0.099]
[BETA_FINAL] schedule=alg stop_epoch=None guided_epochs=100 ce_only_epochs=0 full_history_saved_in=summary.json
[FINAL_RESULT] best_checkpoint=/app/output/ours_chaoyang_deit_ti_papergrid_v2_100ep_seed42/student_best.pt
[FINAL_RESULT] latest_checkpoint=/app/output/ours_chaoyang_deit_ti_papergrid_v2_100ep_seed42/student_latest.pt
[FINAL_RESULT] summary=/app/output/ours_chaoyang_deit_ti_papergrid_v2_100ep_seed42/summary.json
[DONE] Ours training completed successfully; resources may be released.
