[BOOT] Python process started: /usr/bin/python
[BOOT] timm not found; installing timm==1.0.27
Collecting timm==1.0.27
  Downloading timm-1.0.27-py3-none-any.whl.metadata (40 kB)
Requirement already satisfied: torch in /usr/local/lib/python3.10/dist-packages (from timm==1.0.27) (2.11.0)
Requirement already satisfied: torchvision in /usr/local/lib/python3.10/dist-packages (from timm==1.0.27) (0.26.0)
Requirement already satisfied: pyyaml in /usr/local/lib/python3.10/dist-packages (from timm==1.0.27) (6.0.3)
Requirement already satisfied: huggingface_hub in /usr/local/lib/python3.10/dist-packages (from timm==1.0.27) (1.17.0)
Requirement already satisfied: safetensors in /usr/local/lib/python3.10/dist-packages (from timm==1.0.27) (0.7.0)
Requirement already satisfied: click>=8.4.0 in /usr/local/lib/python3.10/dist-packages (from huggingface_hub->timm==1.0.27) (8.4.1)
Requirement already satisfied: filelock>=3.10.0 in /usr/local/lib/python3.10/dist-packages (from huggingface_hub->timm==1.0.27) (3.29.0)
Requirement already satisfied: fsspec>=2023.5.0 in /usr/local/lib/python3.10/dist-packages (from huggingface_hub->timm==1.0.27) (2026.2.0)
Requirement already satisfied: hf-xet<2.0.0,>=1.4.3 in /usr/local/lib/python3.10/dist-packages (from huggingface_hub->timm==1.0.27) (1.5.0)
Requirement already satisfied: httpx<1,>=0.23.0 in /usr/local/lib/python3.10/dist-packages (from huggingface_hub->timm==1.0.27) (0.28.1)
Requirement already satisfied: packaging>=20.9 in /usr/local/lib/python3.10/dist-packages (from huggingface_hub->timm==1.0.27) (26.2)
Requirement already satisfied: tqdm>=4.42.1 in /usr/local/lib/python3.10/dist-packages (from huggingface_hub->timm==1.0.27) (4.67.3)
Requirement already satisfied: typer<0.26.0,>=0.20.0 in /usr/local/lib/python3.10/dist-packages (from huggingface_hub->timm==1.0.27) (0.25.1)
Requirement already satisfied: typing-extensions>=4.1.0 in /usr/local/lib/python3.10/dist-packages (from huggingface_hub->timm==1.0.27) (4.15.0)
Requirement already satisfied: anyio in /usr/local/lib/python3.10/dist-packages (from httpx<1,>=0.23.0->huggingface_hub->timm==1.0.27) (4.13.0)
Requirement already satisfied: certifi in /usr/local/lib/python3.10/dist-packages (from httpx<1,>=0.23.0->huggingface_hub->timm==1.0.27) (2026.5.20)
Requirement already satisfied: httpcore==1.* in /usr/local/lib/python3.10/dist-packages (from httpx<1,>=0.23.0->huggingface_hub->timm==1.0.27) (1.0.9)
Requirement already satisfied: idna in /usr/local/lib/python3.10/dist-packages (from httpx<1,>=0.23.0->huggingface_hub->timm==1.0.27) (3.18)
Requirement already satisfied: h11>=0.16 in /usr/local/lib/python3.10/dist-packages (from httpcore==1.*->httpx<1,>=0.23.0->huggingface_hub->timm==1.0.27) (0.16.0)
Requirement already satisfied: shellingham>=1.3.0 in /usr/local/lib/python3.10/dist-packages (from typer<0.26.0,>=0.20.0->huggingface_hub->timm==1.0.27) (1.5.4)
Requirement already satisfied: rich>=13.8.0 in /usr/local/lib/python3.10/dist-packages (from typer<0.26.0,>=0.20.0->huggingface_hub->timm==1.0.27) (15.0.0)
Requirement already satisfied: annotated-doc>=0.0.2 in /usr/local/lib/python3.10/dist-packages (from typer<0.26.0,>=0.20.0->huggingface_hub->timm==1.0.27) (0.0.4)
Requirement already satisfied: markdown-it-py>=2.2.0 in /usr/local/lib/python3.10/dist-packages (from rich>=13.8.0->typer<0.26.0,>=0.20.0->huggingface_hub->timm==1.0.27) (4.2.0)
Requirement already satisfied: pygments<3.0.0,>=2.13.0 in /usr/local/lib/python3.10/dist-packages (from rich>=13.8.0->typer<0.26.0,>=0.20.0->huggingface_hub->timm==1.0.27) (2.20.0)
Requirement already satisfied: mdurl~=0.1 in /usr/local/lib/python3.10/dist-packages (from markdown-it-py>=2.2.0->rich>=13.8.0->typer<0.26.0,>=0.20.0->huggingface_hub->timm==1.0.27) (0.1.2)
Requirement already satisfied: exceptiongroup>=1.0.2 in /usr/local/lib/python3.10/dist-packages (from anyio->httpx<1,>=0.23.0->huggingface_hub->timm==1.0.27) (1.3.1)
Requirement already satisfied: setuptools<82 in /usr/local/lib/python3.10/dist-packages (from torch->timm==1.0.27) (70.2.0)
Requirement already satisfied: sympy>=1.13.3 in /usr/local/lib/python3.10/dist-packages (from torch->timm==1.0.27) (1.14.0)
Requirement already satisfied: networkx>=2.5.1 in /usr/local/lib/python3.10/dist-packages (from torch->timm==1.0.27) (3.4.2)
Requirement already satisfied: jinja2 in /usr/local/lib/python3.10/dist-packages (from torch->timm==1.0.27) (3.1.6)
Requirement already satisfied: cuda-toolkit==13.0.2 in /usr/local/lib/python3.10/dist-packages (from cuda-toolkit[cublas,cudart,cufft,cufile,cupti,curand,cusolver,cusparse,nvjitlink,nvrtc,nvtx]==13.0.2; platform_system == "Linux"->torch->timm==1.0.27) (13.0.2)
Requirement already satisfied: cuda-bindings<14,>=13.0.3 in /usr/local/lib/python3.10/dist-packages (from torch->timm==1.0.27) (13.3.1)
Requirement already satisfied: nvidia-cudnn-cu13==9.19.0.56 in /usr/local/lib/python3.10/dist-packages (from torch->timm==1.0.27) (9.19.0.56)
Requirement already satisfied: nvidia-cusparselt-cu13==0.8.0 in /usr/local/lib/python3.10/dist-packages (from torch->timm==1.0.27) (0.8.0)
Requirement already satisfied: nvidia-nccl-cu13==2.28.9 in /usr/local/lib/python3.10/dist-packages (from torch->timm==1.0.27) (2.28.9)
Requirement already satisfied: nvidia-nvshmem-cu13==3.4.5 in /usr/local/lib/python3.10/dist-packages (from torch->timm==1.0.27) (3.4.5)
Requirement already satisfied: triton==3.6.0 in /usr/local/lib/python3.10/dist-packages (from torch->timm==1.0.27) (3.6.0)
Requirement already satisfied: nvidia-cuda-runtime==13.0.96.* in /usr/local/lib/python3.10/dist-packages (from cuda-toolkit[cublas,cudart,cufft,cufile,cupti,curand,cusolver,cusparse,nvjitlink,nvrtc,nvtx]==13.0.2; platform_system == "Linux"->torch->timm==1.0.27) (13.0.96)
Requirement already satisfied: nvidia-curand==10.4.0.35.* in /usr/local/lib/python3.10/dist-packages (from cuda-toolkit[cublas,cudart,cufft,cufile,cupti,curand,cusolver,cusparse,nvjitlink,nvrtc,nvtx]==13.0.2; platform_system == "Linux"->torch->timm==1.0.27) (10.4.0.35)
Requirement already satisfied: nvidia-cufile==1.15.1.6.* in /usr/local/lib/python3.10/dist-packages (from cuda-toolkit[cublas,cudart,cufft,cufile,cupti,curand,cusolver,cusparse,nvjitlink,nvrtc,nvtx]==13.0.2; platform_system == "Linux"->torch->timm==1.0.27) (1.15.1.6)
Requirement already satisfied: nvidia-cuda-cupti==13.0.85.* in /usr/local/lib/python3.10/dist-packages (from cuda-toolkit[cublas,cudart,cufft,cufile,cupti,curand,cusolver,cusparse,nvjitlink,nvrtc,nvtx]==13.0.2; platform_system == "Linux"->torch->timm==1.0.27) (13.0.85)
Requirement already satisfied: nvidia-cusparse==12.6.3.3.* in /usr/local/lib/python3.10/dist-packages (from cuda-toolkit[cublas,cudart,cufft,cufile,cupti,curand,cusolver,cusparse,nvjitlink,nvrtc,nvtx]==13.0.2; platform_system == "Linux"->torch->timm==1.0.27) (12.6.3.3)
Requirement already satisfied: nvidia-cusolver==12.0.4.66.* in /usr/local/lib/python3.10/dist-packages (from cuda-toolkit[cublas,cudart,cufft,cufile,cupti,curand,cusolver,cusparse,nvjitlink,nvrtc,nvtx]==13.0.2; platform_system == "Linux"->torch->timm==1.0.27) (12.0.4.66)
Requirement already satisfied: nvidia-cublas==13.1.0.3.* in /usr/local/lib/python3.10/dist-packages (from cuda-toolkit[cublas,cudart,cufft,cufile,cupti,curand,cusolver,cusparse,nvjitlink,nvrtc,nvtx]==13.0.2; platform_system == "Linux"->torch->timm==1.0.27) (13.1.0.3)
Requirement already satisfied: nvidia-nvtx==13.0.85.* in /usr/local/lib/python3.10/dist-packages (from cuda-toolkit[cublas,cudart,cufft,cufile,cupti,curand,cusolver,cusparse,nvjitlink,nvrtc,nvtx]==13.0.2; platform_system == "Linux"->torch->timm==1.0.27) (13.0.85)
Requirement already satisfied: nvidia-cufft==12.0.0.61.* in /usr/local/lib/python3.10/dist-packages (from cuda-toolkit[cublas,cudart,cufft,cufile,cupti,curand,cusolver,cusparse,nvjitlink,nvrtc,nvtx]==13.0.2; platform_system == "Linux"->torch->timm==1.0.27) (12.0.0.61)
Requirement already satisfied: nvidia-cuda-nvrtc==13.0.88.* in /usr/local/lib/python3.10/dist-packages (from cuda-toolkit[cublas,cudart,cufft,cufile,cupti,curand,cusolver,cusparse,nvjitlink,nvrtc,nvtx]==13.0.2; platform_system == "Linux"->torch->timm==1.0.27) (13.0.88)
Requirement already satisfied: nvidia-nvjitlink==13.0.88.* in /usr/local/lib/python3.10/dist-packages (from cuda-toolkit[cublas,cudart,cufft,cufile,cupti,curand,cusolver,cusparse,nvjitlink,nvrtc,nvtx]==13.0.2; platform_system == "Linux"->torch->timm==1.0.27) (13.0.88)
Requirement already satisfied: cuda-pathfinder>=1.4.2 in /usr/local/lib/python3.10/dist-packages (from cuda-bindings<14,>=13.0.3->torch->timm==1.0.27) (1.5.5)
Requirement already satisfied: mpmath<1.4,>=1.1.0 in /usr/local/lib/python3.10/dist-packages (from sympy>=1.13.3->torch->timm==1.0.27) (1.3.0)
Requirement already satisfied: MarkupSafe>=2.0 in /usr/local/lib/python3.10/dist-packages (from jinja2->torch->timm==1.0.27) (3.0.3)
Requirement already satisfied: numpy in /usr/local/lib/python3.10/dist-packages (from torchvision->timm==1.0.27) (2.2.6)
Requirement already satisfied: pillow!=8.3.*,>=5.3.0 in /usr/local/lib/python3.10/dist-packages (from torchvision->timm==1.0.27) (12.2.0)
Downloading timm-1.0.27-py3-none-any.whl (2.6 MB)
   ━━━━━━━━━━━━━━━━━━━━━━━━━━━━━━━━━━━━━━━━ 2.6/2.6 MB 43.4 MB/s  0:00:00
Installing collected packages: timm
Successfully installed timm-1.0.27
WARNING: Running pip as the 'root' user can result in broken permissions and conflicting behaviour with the system package manager, possibly rendering your system unusable. It is recommended to use a virtual environment instead: https://pip.pypa.io/warnings/venv. Use the --root-user-action option if you know what you are doing and want to suppress this warning.
[BOOT] timm installation completed
========================================================================
ADAPTIVE LOCALITY GUIDANCE / RESNET56 -> DEIT-TI
========================================================================
[ENV] python=3.10.12 torch=2.11.0+cu130 torchvision=0.26.0+cu130 timm=1.0.27
[ENV] cuda_available=True cuda_device_count=1
[ENV] gpu_name=NVIDIA H200 NVL
[ENV] gpu_memory_gib=139.80
[ENV] device=cuda amp=False seed=1 cudnn_benchmark=False
[PATH] data_dir=/app/data/chaoyang
[PATH] teacher_root=/app/scratch/input/kau-aimslab_461/teachers/checkpoints
[PATH] run_dir=/app/output/alg_chaoyang_deit_ti_300ep_seed1
[MODE] smoke=False timing_run=False student_epochs=300 planned_epochs=300
[PROTOCOL] name=chaoyang_deit_ti_alg_paper_v1 optimizer=AdamW lr=0.0005 min_lr=5e-06 weight_decay=0.05 warmup=20 warmup_factor=0.001 cosine batch=128 eval_batch=200 student_image=224 teacher_image=32 drop_path=0.1 label_smoothing=0.0 pretrained=False
[AUGMENT] color_jitter=0.4 auto_augment=rand-m9-mstd0.5-inc1 random_erasing=0.25/pixel/1 interpolation=bicubic normalization=ImageNet
[ALG] loss=CE+beta*LG*indicator(smoothed_derivative<tau) beta=2.5 tau=-0.02 smoothing_window=50
[LG] teacher_stages=(0,1,2) student_blocks=(0,6,11) projection=1x1 grid=larger_of_teacher_student interpolation=bilinear stage_loss=elementwise_MSE sum_stages=True
[REFERENCE] ALG_paper_Chaoyang_DeiT=83.50% LG=83.26% baseline=80.65% paper_guidance_stop_epoch=108
[SOURCE] ALG_DOI=10.1109/TNNLS.2024.3515076 LG_repo_commit=d2165f74049c906b0afc9f957491960fb3c0cc8b
[DATA] requested_root=/app/data/chaoyang
[DATA] resolved_root=/app/data/chaoyang/drive-download-20260714T054439Z-1-001
[DATA] Validating official Chaoyang train/test splits and labels
[DATA] train_split verified samples=4021 normal=1111 serrated=842 adenocarcinoma=1404 adenoma=664 first_image_size=(512, 512)
[DATA] test_split verified samples=2139 normal=705 serrated=321 adenocarcinoma=840 adenoma=273 first_image_size=(512, 512)
[DATA] train_samples=4021 test_samples=2139
[DATA] student_image=224 teacher_image=32 train_batch=128 eval_batch=200 num_workers=4 drop_last_train=True smoke=False split=train:official_train eval:official_test
[DATA] test_split verified samples=2139 normal=705 serrated=321 adenocarcinoma=840 adenoma=273 first_image_size=(512, 512)
[TEACHER] selected=best epoch=94 top1=76.72% sha256=8cadc2d471311cfb055ed4d860a9acc858fb73f7e73a2b9678c69993c3590f04
[TEACHER_NATIVE_AUDIT] checkpoint_top1=76.72% native_direct_32px_top1=76.72% gap=+0.00pp
[TEACHER_SHARED_VIEW] resize_224_to_32px_top1=54.84% gap_to_checkpoint=-21.88pp diagnostic_only=True
[MODEL] teacher_params=855,380 student=deit_tiny_patch16_224 student_params=5,525,188 lg_trainable_params=21,616
[FEATURE_CHECK] teacher_raw=[(2, 16, 32, 32), (2, 32, 16, 16), (2, 64, 8, 8)] student=[(2, 192, 14, 14), (2, 192, 14, 14), (2, 192, 14, 14)] aligned=[(2, 16, 32, 32), (2, 32, 16, 16), (2, 64, 14, 14)] probe_lg=767.911133
[STUDENT] epochs=300 planned=300 initial_optimizer_lr=5e-07 official_warmup_start_lr=5e-07
[ALG][001/300] loss=554.5254 ce=1.3723 lg=221.2612 beta=2.5000 guidance_active_next=True raw_derivative=0.000000 smoothed_derivative=0.000000 guidance_stop_epoch=None train_acc=28.78% val_acc=34.92% best=34.92% lr=5e-07 time=9.9s avg_epoch=9.9s est_planned=49m 22s elapsed=10s saved_best
[ALG][002/300] loss=551.8622 ce=1.3501 lg=220.2048 beta=2.5000 guidance_active_next=True raw_derivative=-0.528196 smoothed_derivative=-0.264098 guidance_stop_epoch=None train_acc=34.50% val_acc=39.27% best=39.27% lr=2.5475e-05 time=9.6s avg_epoch=9.7s est_planned=48m 36s elapsed=20s saved_best
[ALG][003/300] loss=422.0552 ce=1.3517 lg=168.2814 beta=2.5000 guidance_active_next=True raw_derivative=-17.483887 smoothed_derivative=-6.004028 guidance_stop_epoch=None train_acc=35.06% val_acc=40.11% best=40.11% lr=5.045e-05 time=8.3s avg_epoch=9.3s est_planned=46m 17s elapsed=28s saved_best
[ALG][004/300] loss=234.9169 ce=1.3457 lg=93.4285 beta=2.5000 guidance_active_next=True raw_derivative=-27.455171 smoothed_derivative=-11.366813 guidance_stop_epoch=None train_acc=35.13% val_acc=39.27% best=40.11% lr=7.5425e-05 time=7.7s avg_epoch=8.9s est_planned=44m 19s elapsed=36s
[ALG][005/300] loss=146.2109 ce=1.3481 lg=57.9451 beta=2.5000 guidance_active_next=True raw_derivative=-23.569776 smoothed_derivative=-13.807406 guidance_stop_epoch=None train_acc=34.93% val_acc=39.27% best=40.11% lr=0.0001004 time=7.8s avg_epoch=8.6s est_planned=43m 12s elapsed=44s
[ALG][006/300] loss=126.1527 ce=1.3480 lg=49.9219 beta=2.5000 guidance_active_next=True raw_derivative=-17.050391 smoothed_derivative=-14.347903 guidance_stop_epoch=None train_acc=34.78% val_acc=39.27% best=40.11% lr=0.000125375 time=7.9s avg_epoch=8.5s est_planned=42m 35s elapsed=52s
[ALG][007/300] loss=116.7923 ce=1.3473 lg=46.1780 beta=2.5000 guidance_active_next=True raw_derivative=-12.713688 smoothed_derivative=-14.114444 guidance_stop_epoch=None train_acc=35.03% val_acc=39.27% best=40.11% lr=0.00015035 time=7.4s avg_epoch=8.4s est_planned=41m 45s elapsed=59s
[ALG][008/300] loss=120.3039 ce=1.3467 lg=47.5829 beta=2.5000 guidance_active_next=True raw_derivative=-9.359655 smoothed_derivative=-13.520096 guidance_stop_epoch=None train_acc=35.03% val_acc=39.27% best=40.11% lr=0.000175325 time=7.7s avg_epoch=8.3s est_planned=41m 21s elapsed=1m 07s
[ALG][009/300] loss=107.6728 ce=1.3475 lg=42.5301 beta=2.5000 guidance_active_next=True raw_derivative=-7.841152 smoothed_derivative=-12.889102 guidance_stop_epoch=None train_acc=34.75% val_acc=39.27% best=40.11% lr=0.0002003 time=7.5s avg_epoch=8.2s est_planned=40m 57s elapsed=1m 14s
[ALG][010/300] loss=105.8372 ce=1.3467 lg=41.7962 beta=2.5000 guidance_active_next=True raw_derivative=-6.346313 smoothed_derivative=-12.234823 guidance_stop_epoch=None train_acc=34.95% val_acc=39.27% best=40.11% lr=0.000225275 time=8.0s avg_epoch=8.2s est_planned=40m 50s elapsed=1m 23s
[ALG][011/300] loss=104.9413 ce=1.3477 lg=41.4374 beta=2.5000 guidance_active_next=True raw_derivative=-5.225051 smoothed_derivative=-11.597571 guidance_stop_epoch=None train_acc=34.78% val_acc=39.27% best=40.11% lr=0.00025025 time=8.7s avg_epoch=8.2s est_planned=41m 04s elapsed=1m 31s
[ALG][012/300] loss=97.1464 ce=1.3461 lg=38.3201 beta=2.5000 guidance_active_next=True raw_derivative=-4.613985 smoothed_derivative=-11.015605 guidance_stop_epoch=None train_acc=34.85% val_acc=39.27% best=40.11% lr=0.000275225 time=8.8s avg_epoch=8.3s est_planned=41m 18s elapsed=1m 40s
[ALG][013/300] loss=105.8689 ce=1.3451 lg=41.8095 beta=2.5000 guidance_active_next=True raw_derivative=-3.635725 smoothed_derivative=-10.447922 guidance_stop_epoch=None train_acc=34.95% val_acc=39.27% best=40.11% lr=0.0003002 time=7.6s avg_epoch=8.2s est_planned=41m 02s elapsed=1m 48s
[ALG][014/300] loss=91.3243 ce=1.3456 lg=35.9915 beta=2.5000 guidance_active_next=True raw_derivative=-3.531911 smoothed_derivative=-9.953921 guidance_stop_epoch=None train_acc=35.69% val_acc=39.27% best=40.11% lr=0.000325175 time=7.6s avg_epoch=8.2s est_planned=40m 49s elapsed=1m 55s
[ALG][015/300] loss=90.3850 ce=1.3413 lg=35.6175 beta=2.5000 guidance_active_next=True raw_derivative=-3.085925 smoothed_derivative=-9.496055 guidance_stop_epoch=None train_acc=35.56% val_acc=39.27% best=40.11% lr=0.00035015 time=8.2s avg_epoch=8.2s est_planned=40m 49s elapsed=2m 04s
[ALG][016/300] loss=104.4207 ce=1.3409 lg=41.2319 beta=2.5000 guidance_active_next=True raw_derivative=-2.349282 smoothed_derivative=-9.049382 guidance_stop_epoch=None train_acc=34.68% val_acc=39.27% best=40.11% lr=0.000375125 time=8.1s avg_epoch=8.2s est_planned=40m 48s elapsed=2m 12s
[ALG][017/300] loss=89.8666 ce=1.3337 lg=35.4132 beta=2.5000 guidance_active_next=True raw_derivative=-2.415175 smoothed_derivative=-8.659134 guidance_stop_epoch=None train_acc=35.18% val_acc=39.27% best=40.11% lr=0.0004001 time=8.1s avg_epoch=8.2s est_planned=40m 47s elapsed=2m 20s
[ALG][018/300] loss=113.6278 ce=1.3396 lg=44.9153 beta=2.5000 guidance_active_next=True raw_derivative=-1.618925 smoothed_derivative=-8.268012 guidance_stop_epoch=None train_acc=34.48% val_acc=41.70% best=41.70% lr=0.000425075 time=8.2s avg_epoch=8.2s est_planned=40m 47s elapsed=2m 28s saved_best
[ALG][019/300] loss=98.2714 ce=1.3281 lg=38.7773 beta=2.5000 guidance_active_next=True raw_derivative=-1.771564 smoothed_derivative=-7.926093 guidance_stop_epoch=None train_acc=37.20% val_acc=42.78% best=42.78% lr=0.00045005 time=7.9s avg_epoch=8.1s est_planned=40m 44s elapsed=2m 36s saved_best
[ALG][020/300] loss=94.7133 ce=1.3142 lg=37.3596 beta=2.5000 guidance_active_next=True raw_derivative=-1.665292 smoothed_derivative=-7.613053 guidance_stop_epoch=None train_acc=37.85% val_acc=45.02% best=45.02% lr=0.000475025 time=8.7s avg_epoch=8.2s est_planned=40m 52s elapsed=2m 45s saved_best
[ALG][021/300] loss=88.3133 ce=1.2882 lg=34.8100 beta=2.5000 guidance_active_next=True raw_derivative=-1.628102 smoothed_derivative=-7.328056 guidance_stop_epoch=None train_acc=42.14% val_acc=46.84% best=46.84% lr=0.00049459153 time=7.5s avg_epoch=8.1s est_planned=40m 42s elapsed=2m 53s saved_best
[ALG][022/300] loss=89.0856 ce=1.2603 lg=35.1301 beta=2.5000 guidance_active_next=True raw_derivative=-1.465543 smoothed_derivative=-7.061578 guidance_stop_epoch=None train_acc=44.51% val_acc=48.25% best=48.25% lr=0.0004940394 time=9.3s avg_epoch=8.2s est_planned=40m 58s elapsed=3m 02s saved_best
[ALG][023/300] loss=80.6058 ce=1.2486 lg=31.7429 beta=2.5000 guidance_active_next=True raw_derivative=-1.485375 smoothed_derivative=-6.819134 guidance_stop_epoch=None train_acc=46.22% val_acc=56.24% best=56.24% lr=0.00049346078 time=7.9s avg_epoch=8.2s est_planned=40m 55s elapsed=3m 10s saved_best
[ALG][024/300] loss=74.4145 ce=1.2437 lg=29.2683 beta=2.5000 guidance_active_next=True raw_derivative=-1.464701 smoothed_derivative=-6.596033 guidance_stop_epoch=None train_acc=46.45% val_acc=48.85% best=56.24% lr=0.00049285573 time=7.6s avg_epoch=8.2s est_planned=40m 47s elapsed=3m 18s
[ALG][025/300] loss=63.0927 ce=1.2312 lg=24.7446 beta=2.5000 guidance_active_next=True raw_derivative=-1.528473 smoothed_derivative=-6.393330 guidance_stop_epoch=None train_acc=46.72% val_acc=51.75% best=56.24% lr=0.00049222433 time=7.3s avg_epoch=8.1s est_planned=40m 37s elapsed=3m 25s
[ALG][026/300] loss=60.6564 ce=1.2217 lg=23.7739 beta=2.5000 guidance_active_next=True raw_derivative=-1.448234 smoothed_derivative=-6.203134 guidance_stop_epoch=None train_acc=47.43% val_acc=54.09% best=56.24% lr=0.00049156664 time=7.2s avg_epoch=8.1s est_planned=40m 27s elapsed=3m 33s
[ALG][027/300] loss=57.1951 ce=1.2180 lg=22.3908 beta=2.5000 guidance_active_next=True raw_derivative=-1.392181 smoothed_derivative=-6.024951 guidance_stop_epoch=None train_acc=47.68% val_acc=50.40% best=56.24% lr=0.00049088274 time=7.4s avg_epoch=8.1s est_planned=40m 19s elapsed=3m 40s
[ALG][028/300] loss=59.3096 ce=1.2019 lg=23.2431 beta=2.5000 guidance_active_next=True raw_derivative=-1.262303 smoothed_derivative=-5.854856 guidance_stop_epoch=None train_acc=47.78% val_acc=56.52% best=56.52% lr=0.00049017269 time=7.6s avg_epoch=8.0s est_planned=40m 14s elapsed=3m 48s saved_best
[ALG][029/300] loss=58.6587 ce=1.2199 lg=22.9755 beta=2.5000 guidance_active_next=True raw_derivative=-1.184474 smoothed_derivative=-5.693809 guidance_stop_epoch=None train_acc=46.70% val_acc=49.70% best=56.52% lr=0.00048943658 time=7.2s avg_epoch=8.0s est_planned=40m 05s elapsed=3m 55s
[ALG][030/300] loss=55.4304 ce=1.1881 lg=21.6969 beta=2.5000 guidance_active_next=True raw_derivative=-1.148128 smoothed_derivative=-5.542286 guidance_stop_epoch=None train_acc=49.27% val_acc=61.99% best=61.99% lr=0.00048867448 time=7.6s avg_epoch=8.0s est_planned=40m 01s elapsed=4m 03s saved_best
[ALG][031/300] loss=54.4862 ce=1.1845 lg=21.3207 beta=2.5000 guidance_active_next=True raw_derivative=-1.086194 smoothed_derivative=-5.398541 guidance_stop_epoch=None train_acc=49.22% val_acc=51.19% best=61.99% lr=0.00048788649 time=8.7s avg_epoch=8.0s est_planned=40m 07s elapsed=4m 12s
[ALG][032/300] loss=53.2824 ce=1.1626 lg=20.8479 beta=2.5000 guidance_active_next=True raw_derivative=-1.033080 smoothed_derivative=-5.262120 guidance_stop_epoch=None train_acc=50.35% val_acc=63.11% best=63.11% lr=0.00048707268 time=7.9s avg_epoch=8.0s est_planned=40m 06s elapsed=4m 20s saved_best
[ALG][033/300] loss=53.3894 ce=1.1601 lg=20.8917 beta=2.5000 guidance_active_next=True raw_derivative=-0.969141 smoothed_derivative=-5.132030 guidance_stop_epoch=None train_acc=49.80% val_acc=62.41% best=63.11% lr=0.00048623315 time=7.6s avg_epoch=8.0s est_planned=40m 02s elapsed=4m 27s
[ALG][034/300] loss=50.6174 ce=1.1505 lg=19.7868 beta=2.5000 guidance_active_next=True raw_derivative=-0.944632 smoothed_derivative=-5.008871 guidance_stop_epoch=None train_acc=52.02% val_acc=55.12% best=63.11% lr=0.00048536799 time=7.5s avg_epoch=8.0s est_planned=39m 57s elapsed=4m 35s
[ALG][035/300] loss=51.3766 ce=1.1541 lg=20.0890 beta=2.5000 guidance_active_next=True raw_derivative=-0.882016 smoothed_derivative=-4.890961 guidance_stop_epoch=None train_acc=49.82% val_acc=68.44% best=68.44% lr=0.00048447729 time=7.3s avg_epoch=8.0s est_planned=39m 52s elapsed=4m 42s saved_best
[ALG][036/300] loss=51.8663 ce=1.1598 lg=20.2826 beta=2.5000 guidance_active_next=True raw_derivative=-0.827638 smoothed_derivative=-4.778091 guidance_stop_epoch=None train_acc=50.50% val_acc=69.28% best=69.28% lr=0.00048356116 time=7.9s avg_epoch=8.0s est_planned=39m 51s elapsed=4m 50s saved_best
[ALG][037/300] loss=51.7913 ce=1.1295 lg=20.2647 beta=2.5000 guidance_active_next=True raw_derivative=-0.783385 smoothed_derivative=-4.670126 guidance_stop_epoch=None train_acc=52.09% val_acc=59.65% best=69.28% lr=0.00048261968 time=8.2s avg_epoch=8.0s est_planned=39m 53s elapsed=4m 59s
[ALG][038/300] loss=52.4532 ce=1.1561 lg=20.5188 beta=2.5000 guidance_active_next=True raw_derivative=-0.735467 smoothed_derivative=-4.566582 guidance_stop_epoch=None train_acc=50.25% val_acc=65.17% best=69.28% lr=0.00048165297 time=8.1s avg_epoch=8.0s est_planned=39m 54s elapsed=5m 07s
[ALG][039/300] loss=49.0430 ce=1.0910 lg=19.1808 beta=2.5000 guidance_active_next=True raw_derivative=-0.732059 smoothed_derivative=-4.468261 guidance_stop_epoch=None train_acc=54.44% val_acc=60.07% best=69.28% lr=0.00048066113 time=8.2s avg_epoch=8.0s est_planned=39m 55s elapsed=5m 15s
[ALG][040/300] loss=48.5882 ce=1.1046 lg=18.9935 beta=2.5000 guidance_active_next=True raw_derivative=-0.700140 smoothed_derivative=-4.374058 guidance_stop_epoch=None train_acc=51.89% val_acc=64.75% best=69.28% lr=0.00047964427 time=8.2s avg_epoch=8.0s est_planned=39m 57s elapsed=5m 23s
[ALG][041/300] loss=49.7208 ce=1.1024 lg=19.4473 beta=2.5000 guidance_active_next=True raw_derivative=-0.654916 smoothed_derivative=-4.283347 guidance_stop_epoch=None train_acc=52.14% val_acc=67.13% best=69.28% lr=0.0004786025 time=8.2s avg_epoch=8.0s est_planned=39m 58s elapsed=5m 32s
[ALG][042/300] loss=50.0484 ce=1.1109 lg=19.5750 beta=2.5000 guidance_active_next=True raw_derivative=-0.620690 smoothed_derivative=-4.196141 guidance_stop_epoch=None train_acc=50.66% val_acc=70.92% best=70.92% lr=0.00047753594 time=8.2s avg_epoch=8.0s est_planned=39m 59s elapsed=5m 40s saved_best
[ALG][043/300] loss=46.0096 ce=1.0878 lg=17.9687 beta=2.5000 guidance_active_next=True raw_derivative=-0.629176 smoothed_derivative=-4.113189 guidance_stop_epoch=None train_acc=53.48% val_acc=57.69% best=70.92% lr=0.0004764447 time=7.6s avg_epoch=8.0s est_planned=39m 56s elapsed=5m 48s
[ALG][044/300] loss=46.9389 ce=1.0895 lg=18.3398 beta=2.5000 guidance_active_next=True raw_derivative=-0.592144 smoothed_derivative=-4.033165 guidance_stop_epoch=None train_acc=52.75% val_acc=70.36% best=70.92% lr=0.0004753289 time=7.3s avg_epoch=8.0s est_planned=39m 52s elapsed=5m 55s
[ALG][045/300] loss=45.9804 ce=1.0862 lg=17.9577 beta=2.5000 guidance_active_next=True raw_derivative=-0.574318 smoothed_derivative=-3.956302 guidance_stop_epoch=None train_acc=53.86% val_acc=71.81% best=71.81% lr=0.00047418866 time=7.5s avg_epoch=8.0s est_planned=39m 48s elapsed=6m 02s saved_best
[ALG][046/300] loss=48.3834 ce=1.1025 lg=18.9124 beta=2.5000 guidance_active_next=True raw_derivative=-0.528593 smoothed_derivative=-3.881786 guidance_stop_epoch=None train_acc=51.64% val_acc=62.46% best=71.81% lr=0.00047302411 time=7.9s avg_epoch=8.0s est_planned=39m 48s elapsed=6m 10s
[ALG][047/300] loss=46.2691 ce=1.0909 lg=18.0713 beta=2.5000 guidance_active_next=True raw_derivative=-0.523995 smoothed_derivative=-3.810344 guidance_stop_epoch=None train_acc=53.45% val_acc=68.82% best=71.81% lr=0.00047183539 time=7.8s avg_epoch=8.0s est_planned=39m 47s elapsed=6m 18s
[ALG][048/300] loss=45.0178 ce=1.0888 lg=17.5716 beta=2.5000 guidance_active_next=True raw_derivative=-0.512572 smoothed_derivative=-3.741640 guidance_stop_epoch=None train_acc=53.40% val_acc=69.28% best=71.81% lr=0.0004706226 time=7.9s avg_epoch=8.0s est_planned=39m 47s elapsed=6m 26s
[ALG][049/300] loss=43.2701 ce=1.0822 lg=16.8752 beta=2.5000 guidance_active_next=True raw_derivative=-0.505864 smoothed_derivative=-3.675604 guidance_stop_epoch=None train_acc=52.95% val_acc=61.94% best=71.81% lr=0.0004693859 time=7.9s avg_epoch=8.0s est_planned=39m 46s elapsed=6m 34s
[ALG][050/300] loss=42.7830 ce=1.0810 lg=16.6808 beta=2.5000 guidance_active_next=True raw_derivative=-0.489517 smoothed_derivative=-3.611882 guidance_stop_epoch=None train_acc=53.68% val_acc=68.96% best=71.81% lr=0.00046812542 time=7.9s avg_epoch=8.0s est_planned=39m 46s elapsed=6m 42s
[ALG][051/300] loss=42.9158 ce=1.0757 lg=16.7360 beta=2.5000 guidance_active_next=True raw_derivative=-4.090504 smoothed_derivative=-3.693692 guidance_stop_epoch=None train_acc=53.81% val_acc=68.02% best=71.81% lr=0.00046684129 time=8.1s avg_epoch=8.0s est_planned=39m 47s elapsed=6m 51s
[ALG][052/300] loss=44.0601 ce=1.1206 lg=17.1758 beta=2.5000 guidance_active_next=True raw_derivative=-4.060581 smoothed_derivative=-3.764340 guidance_stop_epoch=None train_acc=51.74% val_acc=59.89% best=71.81% lr=0.00046553365 time=8.3s avg_epoch=8.0s est_planned=39m 49s elapsed=6m 59s
[ALG][053/300] loss=41.3150 ce=1.0702 lg=16.0979 beta=2.5000 guidance_active_next=True raw_derivative=-3.043669 smoothed_derivative=-3.475536 guidance_stop_epoch=None train_acc=53.55% val_acc=62.09% best=71.81% lr=0.00046420265 time=8.5s avg_epoch=8.0s est_planned=39m 52s elapsed=7m 07s
[ALG][054/300] loss=41.8264 ce=1.0744 lg=16.3008 beta=2.5000 guidance_active_next=True raw_derivative=-1.542554 smoothed_derivative=-2.957283 guidance_stop_epoch=None train_acc=53.86% val_acc=68.77% best=71.81% lr=0.00046284844 time=7.5s avg_epoch=8.0s est_planned=39m 49s elapsed=7m 15s
[ALG][055/300] loss=40.5641 ce=1.0623 lg=15.8007 beta=2.5000 guidance_active_next=True raw_derivative=-0.842887 smoothed_derivative=-2.502746 guidance_stop_epoch=None train_acc=54.18% val_acc=69.75% best=71.81% lr=0.00046147116 time=7.5s avg_epoch=8.0s est_planned=39m 47s elapsed=7m 23s
[ALG][056/300] loss=39.1005 ce=1.0647 lg=15.2143 beta=2.5000 guidance_active_next=True raw_derivative=-0.694152 smoothed_derivative=-2.175621 guidance_stop_epoch=None train_acc=54.21% val_acc=70.55% best=71.81% lr=0.00046007097 time=7.4s avg_epoch=7.9s est_planned=39m 44s elapsed=7m 30s
[ALG][057/300] loss=39.7348 ce=1.0851 lg=15.4599 beta=2.5000 guidance_active_next=True raw_derivative=-0.614362 smoothed_derivative=-1.933634 guidance_stop_epoch=None train_acc=52.57% val_acc=66.11% best=71.81% lr=0.00045864801 time=7.4s avg_epoch=7.9s est_planned=39m 41s elapsed=7m 38s
[ALG][058/300] loss=38.1206 ce=1.0795 lg=14.8165 beta=2.5000 guidance_active_next=True raw_derivative=-0.655329 smoothed_derivative=-1.759548 guidance_stop_epoch=None train_acc=53.88% val_acc=69.14% best=71.81% lr=0.00045720244 time=7.5s avg_epoch=7.9s est_planned=39m 39s elapsed=7m 45s
[ALG][059/300] loss=38.0030 ce=1.0491 lg=14.7816 beta=2.5000 guidance_active_next=True raw_derivative=-0.554971 smoothed_derivative=-1.613824 guidance_stop_epoch=None train_acc=55.19% val_acc=71.53% best=71.81% lr=0.00045573443 time=7.9s avg_epoch=7.9s est_planned=39m 39s elapsed=7m 53s
[ALG][060/300] loss=37.7821 ce=1.0660 lg=14.6864 beta=2.5000 guidance_active_next=True raw_derivative=-0.542195 smoothed_derivative=-1.497742 guidance_stop_epoch=None train_acc=54.26% val_acc=70.87% best=71.81% lr=0.00045424413 time=7.5s avg_epoch=7.9s est_planned=39m 37s elapsed=8m 01s
[ALG][061/300] loss=37.2455 ce=1.0482 lg=14.4789 beta=2.5000 guidance_active_next=True raw_derivative=-0.539171 smoothed_derivative=-1.404024 guidance_stop_epoch=None train_acc=54.03% val_acc=62.69% best=71.81% lr=0.00045273171 time=7.4s avg_epoch=7.9s est_planned=39m 34s elapsed=8m 08s
[ALG][062/300] loss=37.3315 ce=1.0313 lg=14.5201 beta=2.5000 guidance_active_next=True raw_derivative=-0.476002 smoothed_derivative=-1.321265 guidance_stop_epoch=None train_acc=56.02% val_acc=68.49% best=71.81% lr=0.00045119733 time=7.3s avg_epoch=7.9s est_planned=39m 31s elapsed=8m 16s
[ALG][063/300] loss=38.2992 ce=1.0558 lg=14.8974 beta=2.5000 guidance_active_next=True raw_derivative=-0.538243 smoothed_derivative=-1.259315 guidance_stop_epoch=None train_acc=54.31% val_acc=64.52% best=71.81% lr=0.00044964115 time=8.5s avg_epoch=7.9s est_planned=39m 34s elapsed=8m 24s
[ALG][064/300] loss=37.6546 ce=1.0491 lg=14.6422 beta=2.5000 guidance_active_next=True raw_derivative=-0.426986 smoothed_derivative=-1.197216 guidance_stop_epoch=None train_acc=55.22% val_acc=69.61% best=71.81% lr=0.00044806337 time=7.4s avg_epoch=7.9s est_planned=39m 32s elapsed=8m 32s
[ALG][065/300] loss=36.8650 ce=1.0576 lg=14.3230 beta=2.5000 guidance_active_next=True raw_derivative=-0.425890 smoothed_derivative=-1.144016 guidance_stop_epoch=None train_acc=54.84% val_acc=67.60% best=71.81% lr=0.00044646413 time=7.5s avg_epoch=7.9s est_planned=39m 30s elapsed=8m 39s
[ALG][066/300] loss=36.1408 ce=1.0716 lg=14.0276 beta=2.5000 guidance_active_next=True raw_derivative=-0.544085 smoothed_derivative=-1.107912 guidance_stop_epoch=None train_acc=54.13% val_acc=72.93% best=72.93% lr=0.00044484363 time=7.9s avg_epoch=7.9s est_planned=39m 30s elapsed=8m 47s saved_best
[ALG][067/300] loss=35.3612 ce=1.0383 lg=13.7292 beta=2.5000 guidance_active_next=True raw_derivative=-0.433680 smoothed_derivative=-1.068282 guidance_stop_epoch=None train_acc=55.97% val_acc=71.34% best=72.93% lr=0.00044320203 time=8.3s avg_epoch=7.9s est_planned=39m 32s elapsed=8m 55s
[ALG][068/300] loss=35.4233 ce=1.0368 lg=13.7546 beta=2.5000 guidance_active_next=True raw_derivative=-0.623214 smoothed_derivative=-1.048368 guidance_stop_epoch=None train_acc=54.76% val_acc=73.07% best=73.07% lr=0.00044153952 time=8.1s avg_epoch=7.9s est_planned=39m 33s elapsed=9m 04s saved_best
[ALG][069/300] loss=36.1895 ce=1.0420 lg=14.0590 beta=2.5000 guidance_active_next=True raw_derivative=-0.494366 smoothed_derivative=-1.022824 guidance_stop_epoch=None train_acc=55.75% val_acc=72.74% best=73.07% lr=0.00043985628 time=8.3s avg_epoch=7.9s est_planned=39m 34s elapsed=9m 12s
[ALG][070/300] loss=36.3775 ce=1.0465 lg=14.1324 beta=2.5000 guidance_active_next=True raw_derivative=-0.464544 smoothed_derivative=-0.998809 guidance_stop_epoch=None train_acc=55.72% val_acc=72.18% best=73.07% lr=0.00043815249 time=8.2s avg_epoch=7.9s est_planned=39m 36s elapsed=9m 20s
[ALG][071/300] loss=35.1176 ce=1.0475 lg=13.6281 beta=2.5000 guidance_active_next=True raw_derivative=-0.423639 smoothed_derivative=-0.974719 guidance_stop_epoch=None train_acc=55.70% val_acc=69.47% best=73.07% lr=0.00043642834 time=9.3s avg_epoch=7.9s est_planned=39m 41s elapsed=9m 30s
[ALG][072/300] loss=33.7093 ce=1.0290 lg=13.0721 beta=2.5000 guidance_active_next=True raw_derivative=-0.441160 smoothed_derivative=-0.954232 guidance_stop_epoch=None train_acc=55.70% val_acc=65.97% best=73.07% lr=0.00043468403 time=9.0s avg_epoch=8.0s est_planned=39m 46s elapsed=9m 39s
[ALG][073/300] loss=32.8973 ce=1.0201 lg=12.7509 beta=2.5000 guidance_active_next=True raw_derivative=-0.379840 smoothed_derivative=-0.932121 guidance_stop_epoch=None train_acc=56.96% val_acc=73.40% best=73.40% lr=0.00043291974 time=8.9s avg_epoch=8.0s est_planned=39m 50s elapsed=9m 48s saved_best
[ALG][074/300] loss=33.7642 ce=1.0021 lg=13.1049 beta=2.5000 guidance_active_next=True raw_derivative=-0.323269 smoothed_derivative=-0.909292 guidance_stop_epoch=None train_acc=57.54% val_acc=73.77% best=73.77% lr=0.00043113566 time=8.6s avg_epoch=8.0s est_planned=39m 52s elapsed=9m 57s saved_best
[ALG][075/300] loss=33.1418 ce=1.0223 lg=12.8478 beta=2.5000 guidance_active_next=True raw_derivative=-0.237936 smoothed_derivative=-0.883482 guidance_stop_epoch=None train_acc=57.36% val_acc=70.73% best=73.77% lr=0.00042933199 time=8.4s avg_epoch=8.0s est_planned=39m 54s elapsed=10m 05s
[ALG][076/300] loss=33.1372 ce=1.0246 lg=12.8450 beta=2.5000 guidance_active_next=True raw_derivative=-0.218577 smoothed_derivative=-0.858889 guidance_stop_epoch=None train_acc=56.30% val_acc=69.47% best=73.77% lr=0.00042750893 time=8.7s avg_epoch=8.0s est_planned=39m 57s elapsed=10m 14s
[ALG][077/300] loss=33.5451 ce=1.0305 lg=13.0058 beta=2.5000 guidance_active_next=True raw_derivative=-0.187700 smoothed_derivative=-0.834799 guidance_stop_epoch=None train_acc=56.68% val_acc=71.20% best=73.77% lr=0.00042566668 time=7.3s avg_epoch=8.0s est_planned=39m 54s elapsed=10m 21s
[ALG][078/300] loss=33.4482 ce=1.0280 lg=12.9681 beta=2.5000 guidance_active_next=True raw_derivative=-0.205499 smoothed_derivative=-0.813663 guidance_stop_epoch=None train_acc=55.82% val_acc=69.24% best=73.77% lr=0.00042380544 time=8.2s avg_epoch=8.0s est_planned=39m 55s elapsed=10m 29s
[ALG][079/300] loss=32.9814 ce=1.0012 lg=12.7921 beta=2.5000 guidance_active_next=True raw_derivative=-0.203669 smoothed_derivative=-0.794047 guidance_stop_epoch=None train_acc=57.91% val_acc=73.82% best=73.82% lr=0.00042192541 time=7.7s avg_epoch=8.0s est_planned=39m 54s elapsed=10m 37s saved_best
[ALG][080/300] loss=33.2718 ce=0.9969 lg=12.9099 beta=2.5000 guidance_active_next=True raw_derivative=-0.175740 smoothed_derivative=-0.774599 guidance_stop_epoch=None train_acc=57.48% val_acc=68.02% best=73.82% lr=0.0004200268 time=7.7s avg_epoch=8.0s est_planned=39m 53s elapsed=10m 45s
[ALG][081/300] loss=33.3838 ce=1.0145 lg=12.9477 beta=2.5000 guidance_active_next=True raw_derivative=-0.167459 smoothed_derivative=-0.756224 guidance_stop_epoch=None train_acc=56.91% val_acc=69.42% best=73.82% lr=0.00041810983 time=7.3s avg_epoch=8.0s est_planned=39m 51s elapsed=10m 52s
[ALG][082/300] loss=32.8630 ce=1.0134 lg=12.7398 beta=2.5000 guidance_active_next=True raw_derivative=-0.162162 smoothed_derivative=-0.738806 guidance_stop_epoch=None train_acc=56.63% val_acc=69.89% best=73.82% lr=0.00041617469 time=7.7s avg_epoch=8.0s est_planned=39m 50s elapsed=11m 00s
[ALG][083/300] loss=32.5131 ce=1.0250 lg=12.5952 beta=2.5000 guidance_active_next=True raw_derivative=-0.165930 smoothed_derivative=-0.722742 guidance_stop_epoch=None train_acc=55.39% val_acc=73.40% best=73.82% lr=0.0004142216 time=7.8s avg_epoch=8.0s est_planned=39m 49s elapsed=11m 08s
[ALG][084/300] loss=32.0691 ce=0.9952 lg=12.4295 beta=2.5000 guidance_active_next=True raw_derivative=-0.147144 smoothed_derivative=-0.706792 guidance_stop_epoch=None train_acc=57.81% val_acc=73.91% best=73.91% lr=0.00041225078 time=7.6s avg_epoch=8.0s est_planned=39m 48s elapsed=11m 16s saved_best
[ALG][085/300] loss=32.5096 ce=1.0130 lg=12.5986 beta=2.5000 guidance_active_next=True raw_derivative=-0.149808 smoothed_derivative=-0.692148 guidance_stop_epoch=None train_acc=57.23% val_acc=71.90% best=73.91% lr=0.00041026244 time=8.9s avg_epoch=8.0s est_planned=39m 51s elapsed=11m 25s
[ALG][086/300] loss=31.3891 ce=1.0133 lg=12.1504 beta=2.5000 guidance_active_next=True raw_derivative=-0.162645 smoothed_derivative=-0.678848 guidance_stop_epoch=None train_acc=56.50% val_acc=70.50% best=73.91% lr=0.0004082568 time=8.4s avg_epoch=8.0s est_planned=39m 53s elapsed=11m 34s
[ALG][087/300] loss=32.2592 ce=1.0083 lg=12.5004 beta=2.5000 guidance_active_next=True raw_derivative=-0.155287 smoothed_derivative=-0.666286 guidance_stop_epoch=None train_acc=57.56% val_acc=72.23% best=73.91% lr=0.00040623408 time=7.4s avg_epoch=8.0s est_planned=39m 50s elapsed=11m 41s
[ALG][088/300] loss=30.9303 ce=1.0269 lg=11.9613 beta=2.5000 guidance_active_next=True raw_derivative=-0.171150 smoothed_derivative=-0.655000 guidance_stop_epoch=None train_acc=55.72% val_acc=67.46% best=73.91% lr=0.0004041945 time=7.7s avg_epoch=8.0s est_planned=39m 50s elapsed=11m 49s
[ALG][089/300] loss=29.8970 ce=1.0037 lg=11.5573 beta=2.5000 guidance_active_next=True raw_derivative=-0.152470 smoothed_derivative=-0.643408 guidance_stop_epoch=None train_acc=58.06% val_acc=72.09% best=73.91% lr=0.00040213828 time=7.8s avg_epoch=8.0s est_planned=39m 49s elapsed=11m 57s
[ALG][090/300] loss=29.6446 ce=0.9978 lg=11.4587 beta=2.5000 guidance_active_next=True raw_derivative=-0.150695 smoothed_derivative=-0.632419 guidance_stop_epoch=None train_acc=57.81% val_acc=73.31% best=73.91% lr=0.00040006566 time=7.8s avg_epoch=8.0s est_planned=39m 49s elapsed=12m 05s
[ALG][091/300] loss=29.4858 ce=0.9968 lg=11.3956 beta=2.5000 guidance_active_next=True raw_derivative=-0.161035 smoothed_derivative=-0.622541 guidance_stop_epoch=None train_acc=58.74% val_acc=73.35% best=73.91% lr=0.00039797685 time=7.9s avg_epoch=8.0s est_planned=39m 48s elapsed=12m 13s
[ALG][092/300] loss=30.3023 ce=1.0324 lg=11.7079 beta=2.5000 guidance_active_next=True raw_derivative=-0.157342 smoothed_derivative=-0.613274 guidance_stop_epoch=None train_acc=55.47% val_acc=72.56% best=73.91% lr=0.00039587209 time=7.9s avg_epoch=8.0s est_planned=39m 48s elapsed=12m 20s
[ALG][093/300] loss=31.2347 ce=1.0204 lg=12.0857 beta=2.5000 guidance_active_next=True raw_derivative=-0.117660 smoothed_derivative=-0.603044 guidance_stop_epoch=None train_acc=57.16% val_acc=62.69% best=73.91% lr=0.00039375161 time=7.8s avg_epoch=8.0s est_planned=39m 48s elapsed=12m 28s
[ALG][094/300] loss=29.8735 ce=1.0041 lg=11.5478 beta=2.5000 guidance_active_next=True raw_derivative=-0.135840 smoothed_derivative=-0.593918 guidance_stop_epoch=None train_acc=58.01% val_acc=71.81% best=73.91% lr=0.00039161564 time=7.8s avg_epoch=8.0s est_planned=39m 47s elapsed=12m 36s
[ALG][095/300] loss=28.2877 ce=1.0245 lg=10.9053 beta=2.5000 guidance_active_next=True raw_derivative=-0.141048 smoothed_derivative=-0.585253 guidance_stop_epoch=None train_acc=57.36% val_acc=70.41% best=73.91% lr=0.00038946441 time=7.4s avg_epoch=8.0s est_planned=39m 46s elapsed=12m 44s
[ALG][096/300] loss=30.6435 ce=1.0240 lg=11.8478 beta=2.5000 guidance_active_next=True raw_derivative=-0.141292 smoothed_derivative=-0.577507 guidance_stop_epoch=None train_acc=56.96% val_acc=69.89% best=73.91% lr=0.00038729816 time=7.5s avg_epoch=7.9s est_planned=39m 44s elapsed=12m 51s
[ALG][097/300] loss=28.2308 ce=1.0107 lg=10.8881 beta=2.5000 guidance_active_next=True raw_derivative=-0.143665 smoothed_derivative=-0.569900 guidance_stop_epoch=None train_acc=57.51% val_acc=72.32% best=73.91% lr=0.00038511713 time=7.5s avg_epoch=7.9s est_planned=39m 43s elapsed=12m 59s
[ALG][098/300] loss=27.6796 ce=1.0022 lg=10.6709 beta=2.5000 guidance_active_next=True raw_derivative=-0.138014 smoothed_derivative=-0.562409 guidance_stop_epoch=None train_acc=57.89% val_acc=73.07% best=73.91% lr=0.00038292156 time=7.5s avg_epoch=7.9s est_planned=39m 41s elapsed=13m 06s
[ALG][099/300] loss=27.8818 ce=0.9968 lg=10.7540 beta=2.5000 guidance_active_next=True raw_derivative=-0.122424 smoothed_derivative=-0.554740 guidance_stop_epoch=None train_acc=57.81% val_acc=70.78% best=73.91% lr=0.00038071168 time=7.4s avg_epoch=7.9s est_planned=39m 39s elapsed=13m 14s
[ALG][100/300] loss=27.9289 ce=1.0147 lg=10.7657 beta=2.5000 guidance_active_next=True raw_derivative=-0.118303 smoothed_derivative=-0.547316 guidance_stop_epoch=None train_acc=56.33% val_acc=69.14% best=73.91% lr=0.00037848775 time=8.3s avg_epoch=7.9s est_planned=39m 40s elapsed=13m 22s
[ALG][101/300] loss=26.6226 ce=0.9946 lg=10.2512 beta=2.5000 guidance_active_next=True raw_derivative=-0.129697 smoothed_derivative=-0.468100 guidance_stop_epoch=None train_acc=58.37% val_acc=69.38% best=73.91% lr=0.00037625 time=8.4s avg_epoch=7.9s est_planned=39m 42s elapsed=13m 31s
[ALG][102/300] loss=26.9356 ce=0.9994 lg=10.3745 beta=2.5000 guidance_active_next=True raw_derivative=-0.136026 smoothed_derivative=-0.389608 guidance_stop_epoch=None train_acc=57.31% val_acc=69.71% best=73.91% lr=0.00037399868 time=7.7s avg_epoch=7.9s est_planned=39m 41s elapsed=13m 38s
[ALG][103/300] loss=27.0977 ce=0.9842 lg=10.4454 beta=2.5000 guidance_active_next=True raw_derivative=-0.113050 smoothed_derivative=-0.330996 guidance_stop_epoch=None train_acc=58.69% val_acc=69.80% best=73.91% lr=0.00037173403 time=9.0s avg_epoch=7.9s est_planned=39m 44s elapsed=13m 48s
[ALG][104/300] loss=26.5796 ce=1.0016 lg=10.2312 beta=2.5000 guidance_active_next=True raw_derivative=-0.121392 smoothed_derivative=-0.302573 guidance_stop_epoch=None train_acc=57.48% val_acc=71.67% best=73.91% lr=0.00036945631 time=9.6s avg_epoch=8.0s est_planned=39m 49s elapsed=13m 57s
[ALG][105/300] loss=25.8244 ce=1.0100 lg=9.9257 beta=2.5000 guidance_active_next=True raw_derivative=-0.117500 smoothed_derivative=-0.288065 guidance_stop_epoch=None train_acc=57.08% val_acc=73.45% best=73.91% lr=0.00036716577 time=9.3s avg_epoch=8.0s est_planned=39m 53s elapsed=14m 07s
[ALG][106/300] loss=24.8425 ce=0.9657 lg=9.5507 beta=2.5000 guidance_active_next=True raw_derivative=-0.113271 smoothed_derivative=-0.276447 guidance_stop_epoch=None train_acc=58.97% val_acc=75.13% best=75.13% lr=0.00036486265 time=8.2s avg_epoch=8.0s est_planned=39m 54s elapsed=14m 15s saved_best
[ALG][107/300] loss=25.1847 ce=1.0031 lg=9.6726 beta=2.5000 guidance_active_next=True raw_derivative=-0.115746 smoothed_derivative=-0.266475 guidance_stop_epoch=None train_acc=58.01% val_acc=73.77% best=75.13% lr=0.00036254721 time=8.2s avg_epoch=8.0s est_planned=39m 54s elapsed=14m 23s
[ALG][108/300] loss=25.6819 ce=0.9791 lg=9.8811 beta=2.5000 guidance_active_next=True raw_derivative=-0.098706 smoothed_derivative=-0.255343 guidance_stop_epoch=None train_acc=58.04% val_acc=69.66% best=75.13% lr=0.0003602197 time=8.3s avg_epoch=8.0s est_planned=39m 55s elapsed=14m 32s
[ALG][109/300] loss=24.9710 ce=0.9908 lg=9.5921 beta=2.5000 guidance_active_next=True raw_derivative=-0.103790 smoothed_derivative=-0.246319 guidance_stop_epoch=None train_acc=58.22% val_acc=73.21% best=75.13% lr=0.00035788037 time=8.2s avg_epoch=8.0s est_planned=39m 56s elapsed=14m 40s
[ALG][110/300] loss=24.2430 ce=0.9732 lg=9.3079 beta=2.5000 guidance_active_next=True raw_derivative=-0.107570 smoothed_derivative=-0.237627 guidance_stop_epoch=None train_acc=59.30% val_acc=75.13% best=75.13% lr=0.0003555295 time=8.3s avg_epoch=8.0s est_planned=39m 57s elapsed=14m 48s saved_best
[ALG][111/300] loss=26.5100 ce=1.0035 lg=10.2026 beta=2.5000 guidance_active_next=True raw_derivative=-0.085526 smoothed_derivative=-0.228554 guidance_stop_epoch=None train_acc=57.54% val_acc=73.07% best=75.13% lr=0.00035316732 time=8.1s avg_epoch=8.0s est_planned=39m 57s elapsed=14m 57s
[ALG][112/300] loss=24.6748 ce=1.0054 lg=9.4678 beta=2.5000 guidance_active_next=True raw_derivative=-0.101045 smoothed_derivative=-0.221055 guidance_stop_epoch=None train_acc=57.23% val_acc=71.86% best=75.13% lr=0.0003507941 time=8.1s avg_epoch=8.0s est_planned=39m 57s elapsed=15m 05s
[ALG][113/300] loss=24.4354 ce=1.0004 lg=9.3740 beta=2.5000 guidance_active_next=True raw_derivative=-0.110468 smoothed_derivative=-0.212499 guidance_stop_epoch=None train_acc=57.66% val_acc=74.19% best=75.13% lr=0.00034841011 time=8.4s avg_epoch=8.0s est_planned=39m 58s elapsed=15m 13s
[ALG][114/300] loss=23.8302 ce=0.9740 lg=9.1425 beta=2.5000 guidance_active_next=True raw_derivative=-0.109994 smoothed_derivative=-0.206159 guidance_stop_epoch=None train_acc=58.74% val_acc=68.40% best=75.13% lr=0.00034601559 time=7.5s avg_epoch=8.0s est_planned=39m 57s elapsed=15m 21s
[ALG][115/300] loss=23.3093 ce=0.9700 lg=8.9357 beta=2.5000 guidance_active_next=True raw_derivative=-0.107745 smoothed_derivative=-0.199796 guidance_stop_epoch=None train_acc=59.02% val_acc=68.91% best=75.13% lr=0.00034361083 time=7.4s avg_epoch=8.0s est_planned=39m 55s elapsed=15m 28s
[ALG][116/300] loss=23.1943 ce=0.9644 lg=8.8919 beta=2.5000 guidance_active_next=True raw_derivative=-0.102714 smoothed_derivative=-0.190969 guidance_stop_epoch=None train_acc=59.35% val_acc=70.45% best=75.13% lr=0.00034119607 time=7.3s avg_epoch=8.0s est_planned=39m 54s elapsed=15m 36s
[ALG][117/300] loss=22.6352 ce=0.9746 lg=8.6642 beta=2.5000 guidance_active_next=True raw_derivative=-0.101298 smoothed_derivative=-0.184321 guidance_stop_epoch=None train_acc=57.43% val_acc=68.58% best=75.13% lr=0.00033877158 time=7.5s avg_epoch=8.0s est_planned=39m 52s elapsed=15m 43s
[ALG][118/300] loss=22.8189 ce=0.9795 lg=8.7358 beta=2.5000 guidance_active_next=True raw_derivative=-0.100377 smoothed_derivative=-0.173864 guidance_stop_epoch=None train_acc=58.72% val_acc=72.09% best=75.13% lr=0.00033633764 time=8.0s avg_epoch=8.0s est_planned=39m 52s elapsed=15m 51s
[ALG][119/300] loss=22.9349 ce=0.9704 lg=8.7858 beta=2.5000 guidance_active_next=True raw_derivative=-0.105464 smoothed_derivative=-0.166086 guidance_stop_epoch=None train_acc=58.77% val_acc=69.42% best=75.13% lr=0.0003338945 time=8.2s avg_epoch=8.0s est_planned=39m 53s elapsed=15m 59s
[ALG][120/300] loss=22.7959 ce=0.9535 lg=8.7370 beta=2.5000 guidance_active_next=True raw_derivative=-0.107909 smoothed_derivative=-0.158954 guidance_stop_epoch=None train_acc=60.18% val_acc=74.75% best=75.13% lr=0.00033144243 time=8.3s avg_epoch=8.0s est_planned=39m 54s elapsed=16m 08s
[ALG][121/300] loss=22.1800 ce=0.9540 lg=8.4904 beta=2.5000 guidance_active_next=True raw_derivative=-0.102753 smoothed_derivative=-0.152536 guidance_stop_epoch=None train_acc=60.23% val_acc=73.49% best=75.13% lr=0.00032898171 time=8.3s avg_epoch=8.0s est_planned=39m 54s elapsed=16m 16s
[ALG][122/300] loss=22.3479 ce=0.9659 lg=8.5528 beta=2.5000 guidance_active_next=True raw_derivative=-0.090387 smoothed_derivative=-0.145521 guidance_stop_epoch=None train_acc=58.11% val_acc=74.80% best=75.13% lr=0.0003265126 time=9.3s avg_epoch=8.0s est_planned=39m 58s elapsed=16m 26s
[ALG][123/300] loss=22.0736 ce=0.9770 lg=8.4386 beta=2.5000 guidance_active_next=True raw_derivative=-0.086245 smoothed_derivative=-0.139649 guidance_stop_epoch=None train_acc=57.94% val_acc=75.92% best=75.92% lr=0.00032403537 time=8.1s avg_epoch=8.0s est_planned=39m 58s elapsed=16m 34s saved_best
[ALG][124/300] loss=22.2589 ce=0.9627 lg=8.5185 beta=2.5000 guidance_active_next=True raw_derivative=-0.091727 smoothed_derivative=-0.135018 guidance_stop_epoch=None train_acc=58.77% val_acc=74.94% best=75.92% lr=0.0003215503 time=9.1s avg_epoch=8.0s est_planned=40m 01s elapsed=16m 43s
[ALG][125/300] loss=22.1423 ce=0.9531 lg=8.4757 beta=2.5000 guidance_active_next=True raw_derivative=-0.087443 smoothed_derivative=-0.132008 guidance_stop_epoch=None train_acc=59.93% val_acc=68.40% best=75.92% lr=0.00031905766 time=8.2s avg_epoch=8.0s est_planned=40m 01s elapsed=16m 51s
[ALG][126/300] loss=22.6610 ce=0.9559 lg=8.6820 beta=2.5000 guidance_active_next=True raw_derivative=-0.083261 smoothed_derivative=-0.129302 guidance_stop_epoch=None train_acc=60.16% val_acc=70.55% best=75.92% lr=0.00031655771 time=7.5s avg_epoch=8.0s est_planned=40m 00s elapsed=16m 59s
[ALG][127/300] loss=22.3956 ce=0.9495 lg=8.5785 beta=2.5000 guidance_active_next=True raw_derivative=-0.088548 smoothed_derivative=-0.127319 guidance_stop_epoch=None train_acc=59.58% val_acc=74.43% best=75.92% lr=0.00031405075 time=7.5s avg_epoch=8.0s est_planned=39m 59s elapsed=17m 06s
[ALG][128/300] loss=21.6187 ce=0.9424 lg=8.2705 beta=2.5000 guidance_active_next=True raw_derivative=-0.093951 smoothed_derivative=-0.125088 guidance_stop_epoch=None train_acc=61.01% val_acc=70.69% best=75.92% lr=0.00031153703 time=7.4s avg_epoch=8.0s est_planned=39m 58s elapsed=17m 14s
[ALG][129/300] loss=21.7090 ce=0.9543 lg=8.3019 beta=2.5000 guidance_active_next=True raw_derivative=-0.089804 smoothed_derivative=-0.122810 guidance_stop_epoch=None train_acc=59.27% val_acc=72.74% best=75.92% lr=0.00030901684 time=7.6s avg_epoch=8.0s est_planned=39m 57s elapsed=17m 22s
[ALG][130/300] loss=22.1667 ce=0.9351 lg=8.4926 beta=2.5000 guidance_active_next=True raw_derivative=-0.088346 smoothed_derivative=-0.121062 guidance_stop_epoch=None train_acc=59.60% val_acc=75.13% best=75.92% lr=0.00030649045 time=7.9s avg_epoch=8.0s est_planned=39m 57s elapsed=17m 30s
[ALG][131/300] loss=21.3324 ce=0.9413 lg=8.1564 beta=2.5000 guidance_active_next=True raw_derivative=-0.095826 smoothed_derivative=-0.119630 guidance_stop_epoch=None train_acc=60.13% val_acc=73.73% best=75.92% lr=0.00030395814 time=9.2s avg_epoch=8.0s est_planned=40m 00s elapsed=17m 39s
[ALG][132/300] loss=20.9011 ce=0.9331 lg=7.9872 beta=2.5000 guidance_active_next=True raw_derivative=-0.095052 smoothed_derivative=-0.118288 guidance_stop_epoch=None train_acc=60.31% val_acc=70.27% best=75.92% lr=0.00030142019 time=8.5s avg_epoch=8.0s est_planned=40m 01s elapsed=17m 48s
[ALG][133/300] loss=21.7444 ce=0.9558 lg=8.3154 beta=2.5000 guidance_active_next=True raw_derivative=-0.085596 smoothed_derivative=-0.116681 guidance_stop_epoch=None train_acc=60.33% val_acc=76.16% best=76.16% lr=0.00029887688 time=8.1s avg_epoch=8.0s est_planned=40m 01s elapsed=17m 56s saved_best
[ALG][134/300] loss=21.6879 ce=0.9535 lg=8.2938 beta=2.5000 guidance_active_next=True raw_derivative=-0.082715 smoothed_derivative=-0.115392 guidance_stop_epoch=None train_acc=60.03% val_acc=74.57% best=76.16% lr=0.00029632847 time=7.6s avg_epoch=8.0s est_planned=40m 00s elapsed=18m 03s
[ALG][135/300] loss=21.0740 ce=0.9396 lg=8.0538 beta=2.5000 guidance_active_next=True raw_derivative=-0.090898 smoothed_derivative=-0.114214 guidance_stop_epoch=None train_acc=60.26% val_acc=74.94% best=76.16% lr=0.00029377526 time=7.8s avg_epoch=8.0s est_planned=40m 00s elapsed=18m 11s
[ALG][136/300] loss=20.7949 ce=0.9293 lg=7.9462 beta=2.5000 guidance_active_next=True raw_derivative=-0.084083 smoothed_derivative=-0.112643 guidance_stop_epoch=None train_acc=60.91% val_acc=73.54% best=76.16% lr=0.00029121753 time=7.5s avg_epoch=8.0s est_planned=39m 58s elapsed=18m 19s
[ALG][137/300] loss=21.1620 ce=0.9392 lg=8.0891 beta=2.5000 guidance_active_next=True raw_derivative=-0.088225 smoothed_derivative=-0.111302 guidance_stop_epoch=None train_acc=60.33% val_acc=75.60% best=76.16% lr=0.00028865555 time=7.3s avg_epoch=8.0s est_planned=39m 57s elapsed=18m 26s
[ALG][138/300] loss=20.7081 ce=0.9303 lg=7.9111 beta=2.5000 guidance_active_next=True raw_derivative=-0.081004 smoothed_derivative=-0.109499 guidance_stop_epoch=None train_acc=60.36% val_acc=75.64% best=76.16% lr=0.0002860896 time=7.3s avg_epoch=8.0s est_planned=39m 55s elapsed=18m 34s
[ALG][139/300] loss=21.5303 ce=0.9358 lg=8.2378 beta=2.5000 guidance_active_next=True raw_derivative=-0.066390 smoothed_derivative=-0.107777 guidance_stop_epoch=None train_acc=61.14% val_acc=74.71% best=76.16% lr=0.00028351998 time=7.5s avg_epoch=8.0s est_planned=39m 54s elapsed=18m 41s
[ALG][140/300] loss=21.4026 ce=0.9307 lg=8.1888 beta=2.5000 guidance_active_next=True raw_derivative=-0.065400 smoothed_derivative=-0.106071 guidance_stop_epoch=None train_acc=60.03% val_acc=68.07% best=76.16% lr=0.00028094694 time=7.3s avg_epoch=8.0s est_planned=39m 53s elapsed=18m 48s
[ALG][141/300] loss=20.6021 ce=0.9336 lg=7.8674 beta=2.5000 guidance_active_next=True raw_derivative=-0.070564 smoothed_derivative=-0.104262 guidance_stop_epoch=None train_acc=61.09% val_acc=74.43% best=76.16% lr=0.00027837079 time=8.1s avg_epoch=8.0s est_planned=39m 53s elapsed=18m 57s
[ALG][142/300] loss=20.0673 ce=0.9410 lg=7.6505 beta=2.5000 guidance_active_next=True raw_derivative=-0.081149 smoothed_derivative=-0.102738 guidance_stop_epoch=None train_acc=60.81% val_acc=74.57% best=76.16% lr=0.00027579181 time=8.2s avg_epoch=8.0s est_planned=39m 53s elapsed=19m 05s
[ALG][143/300] loss=20.7149 ce=0.9400 lg=7.9100 beta=2.5000 guidance_active_next=True raw_derivative=-0.083515 smoothed_derivative=-0.102055 guidance_stop_epoch=None train_acc=60.36% val_acc=75.92% best=76.16% lr=0.00027321027 time=8.5s avg_epoch=8.0s est_planned=39m 55s elapsed=19m 13s
[ALG][144/300] loss=20.7093 ce=0.9263 lg=7.9132 beta=2.5000 guidance_active_next=True raw_derivative=-0.072692 smoothed_derivative=-0.100792 guidance_stop_epoch=None train_acc=60.84% val_acc=74.61% best=76.16% lr=0.00027062645 time=7.4s avg_epoch=8.0s est_planned=39m 53s elapsed=19m 21s
[ALG][145/300] loss=20.3884 ce=0.9240 lg=7.7857 beta=2.5000 guidance_active_next=True raw_derivative=-0.062391 smoothed_derivative=-0.099219 guidance_stop_epoch=None train_acc=61.44% val_acc=75.08% best=76.16% lr=0.00026804065 time=9.5s avg_epoch=8.0s est_planned=39m 56s elapsed=19m 30s
[ALG][146/300] loss=20.1766 ce=0.9285 lg=7.6992 beta=2.5000 guidance_active_next=True raw_derivative=-0.082971 smoothed_derivative=-0.098053 guidance_stop_epoch=None train_acc=60.74% val_acc=74.66% best=76.16% lr=0.00026545315 time=9.7s avg_epoch=8.0s est_planned=40m 00s elapsed=19m 40s
[ALG][147/300] loss=20.0821 ce=0.9225 lg=7.6639 beta=2.5000 guidance_active_next=True raw_derivative=-0.064484 smoothed_derivative=-0.096469 guidance_stop_epoch=None train_acc=61.32% val_acc=76.86% best=76.86% lr=0.00026286422 time=9.0s avg_epoch=8.0s est_planned=40m 02s elapsed=19m 49s saved_best
[ALG][148/300] loss=20.8775 ce=0.9271 lg=7.9802 beta=2.5000 guidance_active_next=True raw_derivative=-0.053815 smoothed_derivative=-0.094785 guidance_stop_epoch=None train_acc=60.81% val_acc=71.11% best=76.86% lr=0.00026027416 time=8.2s avg_epoch=8.0s est_planned=40m 02s elapsed=19m 58s
[ALG][149/300] loss=22.1433 ce=0.9412 lg=8.4809 beta=2.5000 guidance_active_next=True raw_derivative=-0.045463 smoothed_derivative=-0.093246 guidance_stop_epoch=None train_acc=60.86% val_acc=75.46% best=76.86% lr=0.00025768325 time=8.1s avg_epoch=8.0s est_planned=40m 02s elapsed=20m 06s
[ALG][150/300] loss=20.5179 ce=0.9325 lg=7.8341 beta=2.5000 guidance_active_next=True raw_derivative=-0.058630 smoothed_derivative=-0.092052 guidance_stop_epoch=None train_acc=60.91% val_acc=74.33% best=76.86% lr=0.00025509177 time=7.3s avg_epoch=8.0s est_planned=40m 01s elapsed=20m 13s
[ALG][151/300] loss=21.0921 ce=0.9195 lg=8.0691 beta=2.5000 guidance_active_next=True raw_derivative=-0.043643 smoothed_derivative=-0.090331 guidance_stop_epoch=None train_acc=61.19% val_acc=76.91% best=76.91% lr=0.0002525 time=8.6s avg_epoch=8.0s est_planned=40m 02s elapsed=20m 22s saved_best
[ALG][152/300] loss=20.2208 ce=0.9086 lg=7.7249 beta=2.5000 guidance_active_next=True raw_derivative=-0.052992 smoothed_derivative=-0.088671 guidance_stop_epoch=None train_acc=62.10% val_acc=76.91% best=76.91% lr=0.00024990823 time=8.2s avg_epoch=8.0s est_planned=40m 02s elapsed=20m 30s saved_best
[ALG][153/300] loss=20.0947 ce=0.9197 lg=7.6700 beta=2.5000 guidance_active_next=True raw_derivative=-0.055508 smoothed_derivative=-0.087520 guidance_stop_epoch=None train_acc=61.27% val_acc=75.88% best=76.91% lr=0.00024731675 time=8.5s avg_epoch=8.0s est_planned=40m 03s elapsed=20m 39s
[ALG][154/300] loss=20.1181 ce=0.9168 lg=7.6805 beta=2.5000 guidance_active_next=True raw_derivative=-0.051013 smoothed_derivative=-0.086112 guidance_stop_epoch=None train_acc=61.57% val_acc=76.95% best=76.95% lr=0.00024472584 time=8.2s avg_epoch=8.0s est_planned=40m 04s elapsed=20m 47s saved_best
[ALG][155/300] loss=20.1556 ce=0.9192 lg=7.6946 beta=2.5000 guidance_active_next=True raw_derivative=-0.044624 smoothed_derivative=-0.084655 guidance_stop_epoch=None train_acc=60.36% val_acc=74.66% best=76.95% lr=0.00024213578 time=8.0s avg_epoch=8.0s est_planned=40m 04s elapsed=20m 55s
[ALG][156/300] loss=19.7750 ce=0.9230 lg=7.5408 beta=2.5000 guidance_active_next=True raw_derivative=-0.040199 smoothed_derivative=-0.083193 guidance_stop_epoch=None train_acc=60.99% val_acc=77.14% best=77.14% lr=0.00023954685 time=8.0s avg_epoch=8.0s est_planned=40m 04s elapsed=21m 03s saved_best
[ALG][157/300] loss=19.4991 ce=0.9062 lg=7.4372 beta=2.5000 guidance_active_next=True raw_derivative=-0.044709 smoothed_derivative=-0.081772 guidance_stop_epoch=None train_acc=61.59% val_acc=76.95% best=77.14% lr=0.00023695935 time=7.9s avg_epoch=8.0s est_planned=40m 04s elapsed=21m 11s
[ALG][158/300] loss=20.0721 ce=0.9131 lg=7.6636 beta=2.5000 guidance_active_next=True raw_derivative=-0.044351 smoothed_derivative=-0.080685 guidance_stop_epoch=None train_acc=62.25% val_acc=76.76% best=77.14% lr=0.00023437355 time=7.8s avg_epoch=8.0s est_planned=40m 03s elapsed=21m 19s
[ALG][159/300] loss=19.7624 ce=0.9224 lg=7.5360 beta=2.5000 guidance_active_next=True raw_derivative=-0.041122 smoothed_derivative=-0.079432 guidance_stop_epoch=None train_acc=61.09% val_acc=76.62% best=77.14% lr=0.00023178973 time=7.8s avg_epoch=8.0s est_planned=40m 03s elapsed=21m 27s
[ALG][160/300] loss=19.3800 ce=0.9072 lg=7.3891 beta=2.5000 guidance_active_next=True raw_derivative=-0.038376 smoothed_derivative=-0.078048 guidance_stop_epoch=None train_acc=61.21% val_acc=73.45% best=77.14% lr=0.00022920819 time=7.7s avg_epoch=8.0s est_planned=40m 02s elapsed=21m 35s
[ALG][161/300] loss=19.8248 ce=0.9130 lg=7.5647 beta=2.5000 guidance_active_next=True raw_derivative=-0.052757 smoothed_derivative=-0.077393 guidance_stop_epoch=None train_acc=61.32% val_acc=75.18% best=77.14% lr=0.00022662921 time=7.7s avg_epoch=8.0s est_planned=40m 02s elapsed=21m 42s
[ALG][162/300] loss=19.7900 ce=0.9174 lg=7.5491 beta=2.5000 guidance_active_next=True raw_derivative=-0.038375 smoothed_derivative=-0.076139 guidance_stop_epoch=None train_acc=61.84% val_acc=74.66% best=77.14% lr=0.00022405306 time=7.4s avg_epoch=8.0s est_planned=40m 01s elapsed=21m 50s
[ALG][163/300] loss=19.3825 ce=0.8876 lg=7.3980 beta=2.5000 guidance_active_next=True raw_derivative=-0.039520 smoothed_derivative=-0.074720 guidance_stop_epoch=None train_acc=62.98% val_acc=74.66% best=77.14% lr=0.00022148002 time=7.2s avg_epoch=8.0s est_planned=39m 59s elapsed=21m 57s
[ALG][164/300] loss=19.5443 ce=0.9108 lg=7.4534 beta=2.5000 guidance_active_next=True raw_derivative=-0.033782 smoothed_derivative=-0.073196 guidance_stop_epoch=None train_acc=62.65% val_acc=74.38% best=77.14% lr=0.0002189104 time=8.6s avg_epoch=8.0s est_planned=40m 00s elapsed=22m 06s
[ALG][165/300] loss=19.2262 ce=0.8987 lg=7.3310 beta=2.5000 guidance_active_next=True raw_derivative=-0.032095 smoothed_derivative=-0.071683 guidance_stop_epoch=None train_acc=62.78% val_acc=76.11% best=77.14% lr=0.00021634445 time=7.9s avg_epoch=8.0s est_planned=40m 00s elapsed=22m 14s
[ALG][166/300] loss=19.0384 ce=0.8984 lg=7.2560 beta=2.5000 guidance_active_next=True raw_derivative=-0.032719 smoothed_derivative=-0.070283 guidance_stop_epoch=None train_acc=62.32% val_acc=75.88% best=77.14% lr=0.00021378247 time=7.3s avg_epoch=8.0s est_planned=39m 59s elapsed=22m 21s
[ALG][167/300] loss=19.1874 ce=0.8844 lg=7.3212 beta=2.5000 guidance_active_next=True raw_derivative=-0.026860 smoothed_derivative=-0.068794 guidance_stop_epoch=None train_acc=63.53% val_acc=76.62% best=77.14% lr=0.00021122474 time=7.7s avg_epoch=8.0s est_planned=39m 58s elapsed=22m 29s
[ALG][168/300] loss=19.0918 ce=0.9232 lg=7.2674 beta=2.5000 guidance_active_next=True raw_derivative=-0.029367 smoothed_derivative=-0.067374 guidance_stop_epoch=None train_acc=60.46% val_acc=75.78% best=77.14% lr=0.00020867153 time=7.9s avg_epoch=8.0s est_planned=39m 58s elapsed=22m 37s
[ALG][169/300] loss=19.2414 ce=0.9012 lg=7.3361 beta=2.5000 guidance_active_next=True raw_derivative=-0.028995 smoothed_derivative=-0.065845 guidance_stop_epoch=None train_acc=62.02% val_acc=75.60% best=77.14% lr=0.00020612312 time=8.1s avg_epoch=8.0s est_planned=39m 58s elapsed=22m 45s
[ALG][170/300] loss=19.3147 ce=0.9036 lg=7.3645 beta=2.5000 guidance_active_next=True raw_derivative=-0.027450 smoothed_derivative=-0.064236 guidance_stop_epoch=None train_acc=62.25% val_acc=77.19% best=77.19% lr=0.00020357981 time=8.1s avg_epoch=8.0s est_planned=39m 58s elapsed=22m 53s saved_best
[ALG][171/300] loss=19.0992 ce=0.8944 lg=7.2819 beta=2.5000 guidance_active_next=True raw_derivative=-0.024170 smoothed_derivative=-0.062664 guidance_stop_epoch=None train_acc=62.60% val_acc=75.55% best=77.19% lr=0.00020104186 time=9.2s avg_epoch=8.0s est_planned=40m 01s elapsed=23m 03s
[ALG][172/300] loss=18.7592 ce=0.8992 lg=7.1440 beta=2.5000 guidance_active_next=True raw_derivative=-0.028176 smoothed_derivative=-0.061420 guidance_stop_epoch=None train_acc=62.98% val_acc=73.91% best=77.19% lr=0.00019850955 time=9.2s avg_epoch=8.0s est_planned=40m 03s elapsed=23m 12s
[ALG][173/300] loss=18.7652 ce=0.8871 lg=7.1512 beta=2.5000 guidance_active_next=True raw_derivative=-0.025748 smoothed_derivative=-0.060210 guidance_stop_epoch=None train_acc=62.32% val_acc=76.72% best=77.19% lr=0.00019598316 time=9.2s avg_epoch=8.0s est_planned=40m 05s elapsed=23m 21s
[ALG][174/300] loss=18.8243 ce=0.8755 lg=7.1795 beta=2.5000 guidance_active_next=True raw_derivative=-0.026780 smoothed_derivative=-0.058911 guidance_stop_epoch=None train_acc=63.51% val_acc=76.95% best=77.19% lr=0.00019346297 time=8.7s avg_epoch=8.0s est_planned=40m 06s elapsed=23m 30s
[ALG][175/300] loss=19.0306 ce=0.9046 lg=7.2504 beta=2.5000 guidance_active_next=True raw_derivative=-0.024506 smoothed_derivative=-0.057652 guidance_stop_epoch=None train_acc=62.02% val_acc=75.92% best=77.19% lr=0.00019094925 time=8.9s avg_epoch=8.0s est_planned=40m 07s elapsed=23m 39s
[ALG][176/300] loss=19.1163 ce=0.8923 lg=7.2896 beta=2.5000 guidance_active_next=True raw_derivative=-0.027848 smoothed_derivative=-0.056544 guidance_stop_epoch=None train_acc=63.03% val_acc=75.88% best=77.19% lr=0.00018844229 time=8.6s avg_epoch=8.0s est_planned=40m 08s elapsed=23m 48s
[ALG][177/300] loss=19.1943 ce=0.8770 lg=7.3269 beta=2.5000 guidance_active_next=True raw_derivative=-0.025031 smoothed_derivative=-0.055274 guidance_stop_epoch=None train_acc=63.68% val_acc=77.98% best=77.98% lr=0.00018594234 time=9.3s avg_epoch=8.0s est_planned=40m 11s elapsed=23m 57s saved_best
[ALG][178/300] loss=18.5852 ce=0.8952 lg=7.0760 beta=2.5000 guidance_active_next=True raw_derivative=-0.023891 smoothed_derivative=-0.053872 guidance_stop_epoch=None train_acc=62.20% val_acc=76.62% best=77.98% lr=0.0001834497 time=8.2s avg_epoch=8.0s est_planned=40m 11s elapsed=24m 05s
[ALG][179/300] loss=18.9807 ce=0.8894 lg=7.2365 beta=2.5000 guidance_active_next=True raw_derivative=-0.021307 smoothed_derivative=-0.052502 guidance_stop_epoch=None train_acc=62.90% val_acc=75.83% best=77.98% lr=0.00018096463 time=8.1s avg_epoch=8.0s est_planned=40m 11s elapsed=24m 14s
[ALG][180/300] loss=19.0643 ce=0.8911 lg=7.2693 beta=2.5000 guidance_active_next=True raw_derivative=-0.024467 smoothed_derivative=-0.051225 guidance_stop_epoch=None train_acc=62.98% val_acc=74.43% best=77.98% lr=0.0001784874 time=8.1s avg_epoch=8.0s est_planned=40m 11s elapsed=24m 22s
[ALG][181/300] loss=18.5417 ce=0.8799 lg=7.0647 beta=2.5000 guidance_active_next=True raw_derivative=-0.021834 smoothed_derivative=-0.049745 guidance_stop_epoch=None train_acc=63.26% val_acc=77.89% best=77.98% lr=0.00017601829 time=8.8s avg_epoch=8.0s est_planned=40m 12s elapsed=24m 31s
[ALG][182/300] loss=18.7888 ce=0.8886 lg=7.1601 beta=2.5000 guidance_active_next=True raw_derivative=-0.016543 smoothed_derivative=-0.048175 guidance_stop_epoch=None train_acc=62.70% val_acc=77.09% best=77.98% lr=0.00017355757 time=7.8s avg_epoch=8.0s est_planned=40m 12s elapsed=24m 38s
[ALG][183/300] loss=18.5886 ce=0.8807 lg=7.0831 beta=2.5000 guidance_active_next=True raw_derivative=-0.024646 smoothed_derivative=-0.046956 guidance_stop_epoch=None train_acc=63.05% val_acc=77.70% best=77.98% lr=0.0001711055 time=8.0s avg_epoch=8.0s est_planned=40m 12s elapsed=24m 46s
[ALG][184/300] loss=18.7730 ce=0.9036 lg=7.1478 beta=2.5000 guidance_active_next=True raw_derivative=-0.022919 smoothed_derivative=-0.045760 guidance_stop_epoch=None train_acc=62.32% val_acc=77.51% best=77.98% lr=0.00016866236 time=7.3s avg_epoch=8.0s est_planned=40m 11s elapsed=24m 54s
[ALG][185/300] loss=18.6820 ce=0.8831 lg=7.1196 beta=2.5000 guidance_active_next=True raw_derivative=-0.018684 smoothed_derivative=-0.044316 guidance_stop_epoch=None train_acc=63.51% val_acc=77.93% best=77.98% lr=0.00016622842 time=9.4s avg_epoch=8.0s est_planned=40m 13s elapsed=25m 03s
[ALG][186/300] loss=18.7378 ce=0.8650 lg=7.1491 beta=2.5000 guidance_active_next=True raw_derivative=-0.015942 smoothed_derivative=-0.042953 guidance_stop_epoch=None train_acc=64.11% val_acc=77.09% best=77.98% lr=0.00016380393 time=7.8s avg_epoch=8.0s est_planned=40m 12s elapsed=25m 11s
[ALG][187/300] loss=18.4787 ce=0.8773 lg=7.0405 beta=2.5000 guidance_active_next=True raw_derivative=-0.020972 smoothed_derivative=-0.041608 guidance_stop_epoch=None train_acc=63.91% val_acc=78.82% best=78.82% lr=0.00016138917 time=7.2s avg_epoch=8.0s est_planned=40m 11s elapsed=25m 19s saved_best
[ALG][188/300] loss=18.4678 ce=0.8853 lg=7.0330 beta=2.5000 guidance_active_next=True raw_derivative=-0.017562 smoothed_derivative=-0.040339 guidance_stop_epoch=None train_acc=62.90% val_acc=77.75% best=78.82% lr=0.00015898441 time=7.4s avg_epoch=8.0s est_planned=40m 10s elapsed=25m 26s
[ALG][189/300] loss=18.4969 ce=0.8785 lg=7.0474 beta=2.5000 guidance_active_next=True raw_derivative=-0.023809 smoothed_derivative=-0.039487 guidance_stop_epoch=None train_acc=62.80% val_acc=78.07% best=78.82% lr=0.00015658989 time=7.6s avg_epoch=8.0s est_planned=40m 09s elapsed=25m 34s
[ALG][190/300] loss=18.1441 ce=0.8859 lg=6.9033 beta=2.5000 guidance_active_next=True raw_derivative=-0.025710 smoothed_derivative=-0.038693 guidance_stop_epoch=None train_acc=62.45% val_acc=76.11% best=78.82% lr=0.0001542059 time=7.9s avg_epoch=8.0s est_planned=40m 09s elapsed=25m 42s
[ALG][191/300] loss=17.9167 ce=0.8621 lg=6.8218 beta=2.5000 guidance_active_next=True raw_derivative=-0.020911 smoothed_derivative=-0.037700 guidance_stop_epoch=None train_acc=64.11% val_acc=77.14% best=78.82% lr=0.00015183268 time=7.5s avg_epoch=8.0s est_planned=40m 08s elapsed=25m 49s
[ALG][192/300] loss=18.4327 ce=0.8844 lg=7.0193 beta=2.5000 guidance_active_next=True raw_derivative=-0.012624 smoothed_derivative=-0.036330 guidance_stop_epoch=None train_acc=63.03% val_acc=76.02% best=78.82% lr=0.0001494705 time=7.7s avg_epoch=8.0s est_planned=40m 08s elapsed=25m 57s
[ALG][193/300] loss=18.9107 ce=0.8887 lg=7.2088 beta=2.5000 guidance_active_next=True raw_derivative=-0.014023 smoothed_derivative=-0.034940 guidance_stop_epoch=None train_acc=63.71% val_acc=74.99% best=78.82% lr=0.00014711963 time=9.0s avg_epoch=8.0s est_planned=40m 09s elapsed=26m 06s
[ALG][194/300] loss=18.5840 ce=0.8849 lg=7.0796 beta=2.5000 guidance_active_next=True raw_derivative=-0.016671 smoothed_derivative=-0.033820 guidance_stop_epoch=None train_acc=62.93% val_acc=76.86% best=78.82% lr=0.0001447803 time=7.8s avg_epoch=8.0s est_planned=40m 09s elapsed=26m 14s
[ALG][195/300] loss=18.1768 ce=0.8577 lg=6.9276 beta=2.5000 guidance_active_next=True raw_derivative=-0.017162 smoothed_derivative=-0.032915 guidance_stop_epoch=None train_acc=63.71% val_acc=77.33% best=78.82% lr=0.00014245279 time=7.3s avg_epoch=8.0s est_planned=40m 08s elapsed=26m 21s
[ALG][196/300] loss=17.8246 ce=0.8560 lg=6.7874 beta=2.5000 guidance_active_next=True raw_derivative=-0.018236 smoothed_derivative=-0.031620 guidance_stop_epoch=None train_acc=64.42% val_acc=77.56% best=78.82% lr=0.00014013735 time=9.1s avg_epoch=8.0s est_planned=40m 09s elapsed=26m 30s
[ALG][197/300] loss=17.7109 ce=0.8386 lg=6.7489 beta=2.5000 guidance_active_next=True raw_derivative=-0.018299 smoothed_derivative=-0.030697 guidance_stop_epoch=None train_acc=64.04% val_acc=77.51% best=78.82% lr=0.00013783423 time=8.2s avg_epoch=8.0s est_planned=40m 10s elapsed=26m 39s
[ALG][198/300] loss=18.0388 ce=0.8576 lg=6.8725 beta=2.5000 guidance_active_next=True raw_derivative=-0.022154 smoothed_derivative=-0.030063 guidance_stop_epoch=None train_acc=65.27% val_acc=77.79% best=78.82% lr=0.00013554369 time=7.3s avg_epoch=8.0s est_planned=40m 09s elapsed=26m 46s
[ALG][199/300] loss=18.7257 ce=0.8640 lg=7.1447 beta=2.5000 guidance_active_next=True raw_derivative=-0.026724 smoothed_derivative=-0.029689 guidance_stop_epoch=None train_acc=63.73% val_acc=75.41% best=78.82% lr=0.00013326597 time=8.3s avg_epoch=8.0s est_planned=40m 09s elapsed=26m 54s
[ALG][200/300] loss=18.3509 ce=0.8598 lg=6.9964 beta=2.5000 guidance_active_next=True raw_derivative=-0.016754 smoothed_derivative=-0.028851 guidance_stop_epoch=None train_acc=63.21% val_acc=75.64% best=78.82% lr=0.00013100132 time=7.2s avg_epoch=8.0s est_planned=40m 08s elapsed=27m 02s
[ALG][201/300] loss=18.3487 ce=0.8507 lg=6.9992 beta=2.5000 guidance_active_next=True raw_derivative=-0.021397 smoothed_derivative=-0.028406 guidance_stop_epoch=None train_acc=63.76% val_acc=77.65% best=78.82% lr=0.00012875 time=7.5s avg_epoch=8.0s est_planned=40m 07s elapsed=27m 09s
[ALG][202/300] loss=18.3462 ce=0.8654 lg=6.9923 beta=2.5000 guidance_active_next=True raw_derivative=-0.014651 smoothed_derivative=-0.027639 guidance_stop_epoch=None train_acc=64.21% val_acc=74.57% best=78.82% lr=0.00012651225 time=7.3s avg_epoch=8.0s est_planned=40m 06s elapsed=27m 17s
[ALG][203/300] loss=17.8770 ce=0.8737 lg=6.8013 beta=2.5000 guidance_active_next=True raw_derivative=-0.017373 smoothed_derivative=-0.026877 guidance_stop_epoch=None train_acc=62.90% val_acc=78.07% best=78.82% lr=0.00012428832 time=7.3s avg_epoch=8.0s est_planned=40m 05s elapsed=27m 24s
[ALG][204/300] loss=17.8163 ce=0.8593 lg=6.7828 beta=2.5000 guidance_active_next=True raw_derivative=-0.017954 smoothed_derivative=-0.026216 guidance_stop_epoch=None train_acc=63.68% val_acc=76.16% best=78.82% lr=0.00012207844 time=7.2s avg_epoch=8.0s est_planned=40m 04s elapsed=27m 31s
[ALG][205/300] loss=18.1683 ce=0.8485 lg=6.9279 beta=2.5000 guidance_active_next=True raw_derivative=-0.015333 smoothed_derivative=-0.025630 guidance_stop_epoch=None train_acc=64.54% val_acc=77.84% best=78.82% lr=0.00011988287 time=7.3s avg_epoch=8.0s est_planned=40m 03s elapsed=27m 39s
[ALG][206/300] loss=17.7166 ce=0.8397 lg=6.7507 beta=2.5000 guidance_active_next=True raw_derivative=-0.015800 smoothed_derivative=-0.025142 guidance_stop_epoch=None train_acc=66.38% val_acc=76.39% best=78.82% lr=0.00011770184 time=7.9s avg_epoch=8.0s est_planned=40m 02s elapsed=27m 46s
[ALG][207/300] loss=17.7134 ce=0.8702 lg=6.7373 beta=2.5000 guidance_active_next=True raw_derivative=-0.013998 smoothed_derivative=-0.024527 guidance_stop_epoch=None train_acc=63.48% val_acc=77.14% best=78.82% lr=0.00011553559 time=8.4s avg_epoch=8.0s est_planned=40m 03s elapsed=27m 55s
[ALG][208/300] loss=17.9859 ce=0.8492 lg=6.8547 beta=2.5000 guidance_active_next=True raw_derivative=-0.016178 smoothed_derivative=-0.023964 guidance_stop_epoch=None train_acc=64.59% val_acc=77.00% best=78.82% lr=0.00011338436 time=8.2s avg_epoch=8.0s est_planned=40m 03s elapsed=28m 03s
[ALG][209/300] loss=18.0826 ce=0.8486 lg=6.8936 beta=2.5000 guidance_active_next=True raw_derivative=-0.012847 smoothed_derivative=-0.023399 guidance_stop_epoch=None train_acc=64.39% val_acc=78.17% best=78.82% lr=0.00011124839 time=8.1s avg_epoch=8.0s est_planned=40m 03s elapsed=28m 11s
[ALG][210/300] loss=17.6739 ce=0.8529 lg=6.7284 beta=2.5000 guidance_active_next=True raw_derivative=-0.013215 smoothed_derivative=-0.022895 guidance_stop_epoch=None train_acc=64.64% val_acc=77.98% best=78.82% lr=0.00010912791 time=7.7s avg_epoch=8.0s est_planned=40m 03s elapsed=28m 19s
[ALG][211/300] loss=17.6556 ce=0.8538 lg=6.7207 beta=2.5000 guidance_active_next=True raw_derivative=-0.016881 smoothed_derivative=-0.022178 guidance_stop_epoch=None train_acc=64.24% val_acc=78.12% best=78.82% lr=0.00010702315 time=7.8s avg_epoch=8.0s est_planned=40m 02s elapsed=28m 27s
[ALG][212/300] loss=17.6201 ce=0.8414 lg=6.7115 beta=2.5000 guidance_active_next=True raw_derivative=-0.016752 smoothed_derivative=-0.021745 guidance_stop_epoch=None train_acc=64.77% val_acc=76.58% best=78.82% lr=0.00010493434 time=7.4s avg_epoch=8.0s est_planned=40m 02s elapsed=28m 35s
[ALG][213/300] loss=17.6004 ce=0.8411 lg=6.7037 beta=2.5000 guidance_active_next=True raw_derivative=-0.013885 smoothed_derivative=-0.021233 guidance_stop_epoch=None train_acc=65.02% val_acc=77.23% best=78.82% lr=0.00010286172 time=7.5s avg_epoch=8.0s est_planned=40m 01s elapsed=28m 42s
[ALG][214/300] loss=17.3330 ce=0.8495 lg=6.5934 beta=2.5000 guidance_active_next=True raw_derivative=-0.017199 smoothed_derivative=-0.020901 guidance_stop_epoch=None train_acc=64.26% val_acc=76.81% best=78.82% lr=0.0001008055 time=7.3s avg_epoch=8.0s est_planned=40m 00s elapsed=28m 50s
[ALG][215/300] loss=17.9485 ce=0.8427 lg=6.8423 beta=2.5000 guidance_active_next=True raw_derivative=-0.009773 smoothed_derivative=-0.020455 guidance_stop_epoch=None train_acc=64.84% val_acc=78.26% best=78.82% lr=9.8765924e-05 time=7.2s avg_epoch=8.0s est_planned=39m 59s elapsed=28m 57s
[ALG][216/300] loss=17.4573 ce=0.8586 lg=6.6395 beta=2.5000 guidance_active_next=True raw_derivative=-0.012331 smoothed_derivative=-0.020047 guidance_stop_epoch=None train_acc=64.16% val_acc=78.68% best=78.82% lr=9.6743203e-05 time=7.5s avg_epoch=8.0s est_planned=39m 58s elapsed=29m 04s
[BETA_TRANSITION] guidance disabled after epoch=217 LG=6.789716 raw_derivative=-0.010630 smoothed_derivative=-0.019722 threshold=-0.02; subsequent epochs are CE-only.
[ALG][217/300] loss=17.8214 ce=0.8471 lg=6.7897 beta=2.5000 guidance_active_next=False raw_derivative=-0.010630 smoothed_derivative=-0.019722 guidance_stop_epoch=217 train_acc=64.54% val_acc=77.37% best=78.82% lr=9.4737563e-05 time=7.2s avg_epoch=8.0s est_planned=39m 57s elapsed=29m 12s
[ALG][218/300] loss=0.8681 ce=0.8681 lg=0.0000 beta=0.0000 guidance_active_next=False raw_derivative=n/a smoothed_derivative=n/a guidance_stop_epoch=217 train_acc=64.01% val_acc=75.69% best=78.82% lr=9.2749222e-05 time=7.2s avg_epoch=8.0s est_planned=39m 56s elapsed=29m 19s
[ALG][219/300] loss=0.8538 ce=0.8538 lg=0.0000 beta=0.0000 guidance_active_next=False raw_derivative=n/a smoothed_derivative=n/a guidance_stop_epoch=217 train_acc=64.16% val_acc=78.31% best=78.82% lr=9.0778401e-05 time=8.5s avg_epoch=8.0s est_planned=39m 57s elapsed=29m 28s
[ALG][220/300] loss=0.8461 ce=0.8461 lg=0.0000 beta=0.0000 guidance_active_next=False raw_derivative=n/a smoothed_derivative=n/a guidance_stop_epoch=217 train_acc=64.16% val_acc=77.98% best=78.82% lr=8.8825313e-05 time=8.9s avg_epoch=8.0s est_planned=39m 58s elapsed=29m 37s
[ALG][221/300] loss=0.8397 ce=0.8397 lg=0.0000 beta=0.0000 guidance_active_next=False raw_derivative=n/a smoothed_derivative=n/a guidance_stop_epoch=217 train_acc=64.31% val_acc=77.75% best=78.82% lr=8.6890175e-05 time=8.4s avg_epoch=8.0s est_planned=39m 59s elapsed=29m 45s
[ALG][222/300] loss=0.8714 ce=0.8714 lg=0.0000 beta=0.0000 guidance_active_next=False raw_derivative=n/a smoothed_derivative=n/a guidance_stop_epoch=217 train_acc=63.91% val_acc=79.62% best=79.62% lr=8.4973198e-05 time=8.1s avg_epoch=8.0s est_planned=39m 59s elapsed=29m 53s saved_best
[ALG][223/300] loss=0.8456 ce=0.8456 lg=0.0000 beta=0.0000 guidance_active_next=False raw_derivative=n/a smoothed_derivative=n/a guidance_stop_epoch=217 train_acc=64.36% val_acc=79.06% best=79.62% lr=8.3074591e-05 time=8.0s avg_epoch=8.0s est_planned=39m 59s elapsed=30m 01s
[ALG][224/300] loss=0.8358 ce=0.8358 lg=0.0000 beta=0.0000 guidance_active_next=False raw_derivative=n/a smoothed_derivative=n/a guidance_stop_epoch=217 train_acc=65.35% val_acc=79.10% best=79.62% lr=8.1194564e-05 time=7.8s avg_epoch=8.0s est_planned=39m 59s elapsed=30m 09s
[ALG][225/300] loss=0.8376 ce=0.8376 lg=0.0000 beta=0.0000 guidance_active_next=False raw_derivative=n/a smoothed_derivative=n/a guidance_stop_epoch=217 train_acc=64.84% val_acc=78.03% best=79.62% lr=7.9333323e-05 time=8.9s avg_epoch=8.0s est_planned=40m 00s elapsed=30m 18s
[ALG][226/300] loss=0.8509 ce=0.8509 lg=0.0000 beta=0.0000 guidance_active_next=False raw_derivative=n/a smoothed_derivative=n/a guidance_stop_epoch=217 train_acc=64.64% val_acc=78.78% best=79.62% lr=7.7491072e-05 time=7.6s avg_epoch=8.0s est_planned=39m 59s elapsed=30m 26s
[ALG][227/300] loss=0.8397 ce=0.8397 lg=0.0000 beta=0.0000 guidance_active_next=False raw_derivative=n/a smoothed_derivative=n/a guidance_stop_epoch=217 train_acc=64.62% val_acc=78.45% best=79.62% lr=7.5668012e-05 time=7.7s avg_epoch=8.0s est_planned=39m 59s elapsed=30m 34s
[ALG][228/300] loss=0.8403 ce=0.8403 lg=0.0000 beta=0.0000 guidance_active_next=False raw_derivative=n/a smoothed_derivative=n/a guidance_stop_epoch=217 train_acc=64.99% val_acc=79.52% best=79.62% lr=7.3864344e-05 time=8.7s avg_epoch=8.0s est_planned=40m 00s elapsed=30m 42s
[ALG][229/300] loss=0.8373 ce=0.8373 lg=0.0000 beta=0.0000 guidance_active_next=False raw_derivative=n/a smoothed_derivative=n/a guidance_stop_epoch=217 train_acc=65.78% val_acc=79.20% best=79.62% lr=7.2080265e-05 time=8.7s avg_epoch=8.0s est_planned=40m 01s elapsed=30m 51s
[ALG][230/300] loss=0.8273 ce=0.8273 lg=0.0000 beta=0.0000 guidance_active_next=False raw_derivative=n/a smoothed_derivative=n/a guidance_stop_epoch=217 train_acc=65.35% val_acc=78.87% best=79.62% lr=7.0315971e-05 time=8.6s avg_epoch=8.0s est_planned=40m 01s elapsed=31m 00s
[ALG][231/300] loss=0.8255 ce=0.8255 lg=0.0000 beta=0.0000 guidance_active_next=False raw_derivative=n/a smoothed_derivative=n/a guidance_stop_epoch=217 train_acc=66.05% val_acc=77.89% best=79.62% lr=6.8571656e-05 time=9.1s avg_epoch=8.0s est_planned=40m 03s elapsed=31m 09s
[ALG][232/300] loss=0.8296 ce=0.8296 lg=0.0000 beta=0.0000 guidance_active_next=False raw_derivative=n/a smoothed_derivative=n/a guidance_stop_epoch=217 train_acc=65.37% val_acc=78.54% best=79.62% lr=6.684751e-05 time=7.9s avg_epoch=8.0s est_planned=40m 03s elapsed=31m 17s
[ALG][233/300] loss=0.8335 ce=0.8335 lg=0.0000 beta=0.0000 guidance_active_next=False raw_derivative=n/a smoothed_derivative=n/a guidance_stop_epoch=217 train_acc=64.69% val_acc=77.65% best=79.62% lr=6.5143724e-05 time=7.9s avg_epoch=8.0s est_planned=40m 03s elapsed=31m 25s
[ALG][234/300] loss=0.8303 ce=0.8303 lg=0.0000 beta=0.0000 guidance_active_next=False raw_derivative=n/a smoothed_derivative=n/a guidance_stop_epoch=217 train_acc=65.57% val_acc=79.01% best=79.62% lr=6.3460483e-05 time=7.6s avg_epoch=8.0s est_planned=40m 02s elapsed=31m 33s
[ALG][235/300] loss=0.8109 ce=0.8109 lg=0.0000 beta=0.0000 guidance_active_next=False raw_derivative=n/a smoothed_derivative=n/a guidance_stop_epoch=217 train_acc=65.73% val_acc=80.32% best=80.32% lr=6.1797972e-05 time=7.8s avg_epoch=8.0s est_planned=40m 02s elapsed=31m 41s saved_best
[ALG][236/300] loss=0.8230 ce=0.8230 lg=0.0000 beta=0.0000 guidance_active_next=False raw_derivative=n/a smoothed_derivative=n/a guidance_stop_epoch=217 train_acc=65.60% val_acc=77.84% best=80.32% lr=6.0156375e-05 time=7.6s avg_epoch=8.0s est_planned=40m 01s elapsed=31m 48s
[ALG][237/300] loss=0.8214 ce=0.8214 lg=0.0000 beta=0.0000 guidance_active_next=False raw_derivative=n/a smoothed_derivative=n/a guidance_stop_epoch=217 train_acc=65.40% val_acc=80.08% best=80.32% lr=5.8535869e-05 time=7.6s avg_epoch=8.0s est_planned=40m 01s elapsed=31m 56s
[ALG][238/300] loss=0.8028 ce=0.8028 lg=0.0000 beta=0.0000 guidance_active_next=False raw_derivative=n/a smoothed_derivative=n/a guidance_stop_epoch=217 train_acc=67.04% val_acc=78.07% best=80.32% lr=5.6936634e-05 time=7.7s avg_epoch=8.0s est_planned=40m 00s elapsed=32m 04s
[ALG][239/300] loss=0.8179 ce=0.8179 lg=0.0000 beta=0.0000 guidance_active_next=False raw_derivative=n/a smoothed_derivative=n/a guidance_stop_epoch=217 train_acc=67.11% val_acc=78.82% best=80.32% lr=5.5358845e-05 time=7.8s avg_epoch=8.0s est_planned=40m 00s elapsed=32m 12s
[ALG][240/300] loss=0.8280 ce=0.8280 lg=0.0000 beta=0.0000 guidance_active_next=False raw_derivative=n/a smoothed_derivative=n/a guidance_stop_epoch=217 train_acc=65.60% val_acc=79.71% best=80.32% lr=5.3802675e-05 time=7.8s avg_epoch=8.0s est_planned=40m 00s elapsed=32m 19s
[ALG][241/300] loss=0.8133 ce=0.8133 lg=0.0000 beta=0.0000 guidance_active_next=False raw_derivative=n/a smoothed_derivative=n/a guidance_stop_epoch=217 train_acc=65.17% val_acc=79.57% best=80.32% lr=5.2268294e-05 time=7.8s avg_epoch=8.0s est_planned=40m 00s elapsed=32m 27s
[ALG][242/300] loss=0.8275 ce=0.8275 lg=0.0000 beta=0.0000 guidance_active_next=False raw_derivative=n/a smoothed_derivative=n/a guidance_stop_epoch=217 train_acc=65.65% val_acc=79.24% best=80.32% lr=5.0755871e-05 time=7.8s avg_epoch=8.0s est_planned=39m 59s elapsed=32m 35s
[ALG][243/300] loss=0.8117 ce=0.8117 lg=0.0000 beta=0.0000 guidance_active_next=False raw_derivative=n/a smoothed_derivative=n/a guidance_stop_epoch=217 train_acc=66.05% val_acc=79.01% best=80.32% lr=4.9265571e-05 time=7.4s avg_epoch=8.0s est_planned=39m 59s elapsed=32m 43s
[ALG][244/300] loss=0.7988 ce=0.7988 lg=0.0000 beta=0.0000 guidance_active_next=False raw_derivative=n/a smoothed_derivative=n/a guidance_stop_epoch=217 train_acc=66.20% val_acc=77.51% best=80.32% lr=4.7797558e-05 time=8.6s avg_epoch=8.0s est_planned=39m 59s elapsed=32m 51s
[ALG][245/300] loss=0.8041 ce=0.8041 lg=0.0000 beta=0.0000 guidance_active_next=False raw_derivative=n/a smoothed_derivative=n/a guidance_stop_epoch=217 train_acc=66.91% val_acc=79.90% best=80.32% lr=4.6351993e-05 time=7.7s avg_epoch=8.0s est_planned=39m 59s elapsed=32m 59s
[ALG][246/300] loss=0.8127 ce=0.8127 lg=0.0000 beta=0.0000 guidance_active_next=False raw_derivative=n/a smoothed_derivative=n/a guidance_stop_epoch=217 train_acc=66.15% val_acc=79.80% best=80.32% lr=4.4929034e-05 time=8.1s avg_epoch=8.0s est_planned=39m 59s elapsed=33m 07s
[ALG][247/300] loss=0.8045 ce=0.8045 lg=0.0000 beta=0.0000 guidance_active_next=False raw_derivative=n/a smoothed_derivative=n/a guidance_stop_epoch=217 train_acc=65.50% val_acc=79.24% best=80.32% lr=4.3528838e-05 time=7.6s avg_epoch=8.0s est_planned=39m 59s elapsed=33m 15s
[ALG][248/300] loss=0.8047 ce=0.8047 lg=0.0000 beta=0.0000 guidance_active_next=False raw_derivative=n/a smoothed_derivative=n/a guidance_stop_epoch=217 train_acc=66.33% val_acc=78.17% best=80.32% lr=4.2151558e-05 time=7.7s avg_epoch=8.0s est_planned=39m 58s elapsed=33m 23s
[ALG][249/300] loss=0.8141 ce=0.8141 lg=0.0000 beta=0.0000 guidance_active_next=False raw_derivative=n/a smoothed_derivative=n/a guidance_stop_epoch=217 train_acc=65.60% val_acc=79.57% best=80.32% lr=4.0797346e-05 time=7.6s avg_epoch=8.0s est_planned=39m 58s elapsed=33m 31s
[ALG][250/300] loss=0.7960 ce=0.7960 lg=0.0000 beta=0.0000 guidance_active_next=False raw_derivative=n/a smoothed_derivative=n/a guidance_stop_epoch=217 train_acc=67.11% val_acc=78.87% best=80.32% lr=3.9466348e-05 time=7.9s avg_epoch=8.0s est_planned=39m 58s elapsed=33m 39s
[ALG][251/300] loss=0.7965 ce=0.7965 lg=0.0000 beta=0.0000 guidance_active_next=False raw_derivative=n/a smoothed_derivative=n/a guidance_stop_epoch=217 train_acc=67.44% val_acc=79.94% best=80.32% lr=3.8158713e-05 time=7.5s avg_epoch=8.0s est_planned=39m 57s elapsed=33m 46s
[ALG][252/300] loss=0.8121 ce=0.8121 lg=0.0000 beta=0.0000 guidance_active_next=False raw_derivative=n/a smoothed_derivative=n/a guidance_stop_epoch=217 train_acc=65.90% val_acc=79.48% best=80.32% lr=3.6874582e-05 time=7.3s avg_epoch=8.0s est_planned=39m 56s elapsed=33m 53s
[ALG][253/300] loss=0.8010 ce=0.8010 lg=0.0000 beta=0.0000 guidance_active_next=False raw_derivative=n/a smoothed_derivative=n/a guidance_stop_epoch=217 train_acc=67.46% val_acc=79.71% best=80.32% lr=3.5614097e-05 time=8.7s avg_epoch=8.0s est_planned=39m 57s elapsed=34m 02s
[ALG][254/300] loss=0.8158 ce=0.8158 lg=0.0000 beta=0.0000 guidance_active_next=False raw_derivative=n/a smoothed_derivative=n/a guidance_stop_epoch=217 train_acc=66.63% val_acc=80.13% best=80.32% lr=3.4377396e-05 time=8.6s avg_epoch=8.0s est_planned=39m 58s elapsed=34m 11s
[ALG][255/300] loss=0.7995 ce=0.7995 lg=0.0000 beta=0.0000 guidance_active_next=False raw_derivative=n/a smoothed_derivative=n/a guidance_stop_epoch=217 train_acc=67.11% val_acc=79.71% best=80.32% lr=3.3164614e-05 time=8.3s avg_epoch=8.0s est_planned=39m 58s elapsed=34m 19s
[ALG][256/300] loss=0.8244 ce=0.8244 lg=0.0000 beta=0.0000 guidance_active_next=False raw_derivative=n/a smoothed_derivative=n/a guidance_stop_epoch=217 train_acc=65.05% val_acc=78.63% best=80.32% lr=3.1975885e-05 time=7.2s avg_epoch=8.0s est_planned=39m 57s elapsed=34m 27s
[ALG][257/300] loss=0.8113 ce=0.8113 lg=0.0000 beta=0.0000 guidance_active_next=False raw_derivative=n/a smoothed_derivative=n/a guidance_stop_epoch=217 train_acc=65.88% val_acc=79.90% best=80.32% lr=3.0811339e-05 time=7.7s avg_epoch=8.0s est_planned=39m 57s elapsed=34m 34s
[ALG][258/300] loss=0.7901 ce=0.7901 lg=0.0000 beta=0.0000 guidance_active_next=False raw_derivative=n/a smoothed_derivative=n/a guidance_stop_epoch=217 train_acc=67.92% val_acc=79.85% best=80.32% lr=2.9671104e-05 time=7.8s avg_epoch=8.0s est_planned=39m 57s elapsed=34m 42s
[ALG][259/300] loss=0.8198 ce=0.8198 lg=0.0000 beta=0.0000 guidance_active_next=False raw_derivative=n/a smoothed_derivative=n/a guidance_stop_epoch=217 train_acc=66.03% val_acc=78.92% best=80.32% lr=2.8555305e-05 time=9.2s avg_epoch=8.0s est_planned=39m 58s elapsed=34m 51s
[ALG][260/300] loss=0.8070 ce=0.8070 lg=0.0000 beta=0.0000 guidance_active_next=False raw_derivative=n/a smoothed_derivative=n/a guidance_stop_epoch=217 train_acc=66.33% val_acc=79.76% best=80.32% lr=2.7464063e-05 time=8.3s avg_epoch=8.0s est_planned=39m 58s elapsed=35m 00s
[ALG][261/300] loss=0.8052 ce=0.8052 lg=0.0000 beta=0.0000 guidance_active_next=False raw_derivative=n/a smoothed_derivative=n/a guidance_stop_epoch=217 train_acc=66.78% val_acc=79.10% best=80.32% lr=2.6397499e-05 time=9.3s avg_epoch=8.0s est_planned=40m 00s elapsed=35m 09s
[ALG][262/300] loss=0.7975 ce=0.7975 lg=0.0000 beta=0.0000 guidance_active_next=False raw_derivative=n/a smoothed_derivative=n/a guidance_stop_epoch=217 train_acc=66.94% val_acc=78.21% best=80.32% lr=2.535573e-05 time=9.1s avg_epoch=8.0s est_planned=40m 01s elapsed=35m 18s
[ALG][263/300] loss=0.7913 ce=0.7913 lg=0.0000 beta=0.0000 guidance_active_next=False raw_derivative=n/a smoothed_derivative=n/a guidance_stop_epoch=217 train_acc=67.92% val_acc=79.38% best=80.32% lr=2.433887e-05 time=9.1s avg_epoch=8.0s est_planned=40m 02s elapsed=35m 27s
[ALG][264/300] loss=0.7987 ce=0.7987 lg=0.0000 beta=0.0000 guidance_active_next=False raw_derivative=n/a smoothed_derivative=n/a guidance_stop_epoch=217 train_acc=66.68% val_acc=79.43% best=80.32% lr=2.334703e-05 time=8.3s avg_epoch=8.0s est_planned=40m 03s elapsed=35m 36s
[ALG][265/300] loss=0.7900 ce=0.7900 lg=0.0000 beta=0.0000 guidance_active_next=False raw_derivative=n/a smoothed_derivative=n/a guidance_stop_epoch=217 train_acc=66.83% val_acc=78.45% best=80.32% lr=2.238032e-05 time=8.2s avg_epoch=8.0s est_planned=40m 03s elapsed=35m 44s
[ALG][266/300] loss=0.7974 ce=0.7974 lg=0.0000 beta=0.0000 guidance_active_next=False raw_derivative=n/a smoothed_derivative=n/a guidance_stop_epoch=217 train_acc=66.73% val_acc=79.34% best=80.32% lr=2.1438844e-05 time=8.6s avg_epoch=8.0s est_planned=40m 04s elapsed=35m 53s
[ALG][267/300] loss=0.7905 ce=0.7905 lg=0.0000 beta=0.0000 guidance_active_next=False raw_derivative=n/a smoothed_derivative=n/a guidance_stop_epoch=217 train_acc=66.36% val_acc=79.29% best=80.32% lr=2.0522708e-05 time=8.9s avg_epoch=8.0s est_planned=40m 05s elapsed=36m 02s
[ALG][268/300] loss=0.7819 ce=0.7819 lg=0.0000 beta=0.0000 guidance_active_next=False raw_derivative=n/a smoothed_derivative=n/a guidance_stop_epoch=217 train_acc=67.26% val_acc=78.49% best=80.32% lr=1.963201e-05 time=8.8s avg_epoch=8.0s est_planned=40m 06s elapsed=36m 11s
[ALG][269/300] loss=0.8009 ce=0.8009 lg=0.0000 beta=0.0000 guidance_active_next=False raw_derivative=n/a smoothed_derivative=n/a guidance_stop_epoch=217 train_acc=66.20% val_acc=79.10% best=80.32% lr=1.8766848e-05 time=8.3s avg_epoch=8.0s est_planned=40m 06s elapsed=36m 19s
[ALG][270/300] loss=0.7830 ce=0.7830 lg=0.0000 beta=0.0000 guidance_active_next=False raw_derivative=n/a smoothed_derivative=n/a guidance_stop_epoch=217 train_acc=66.89% val_acc=80.04% best=80.32% lr=1.7927319e-05 time=7.7s avg_epoch=8.0s est_planned=40m 06s elapsed=36m 27s
[ALG][271/300] loss=0.7920 ce=0.7920 lg=0.0000 beta=0.0000 guidance_active_next=False raw_derivative=n/a smoothed_derivative=n/a guidance_stop_epoch=217 train_acc=67.46% val_acc=79.20% best=80.32% lr=1.7113512e-05 time=7.7s avg_epoch=8.0s est_planned=40m 05s elapsed=36m 35s
[ALG][272/300] loss=0.8048 ce=0.8048 lg=0.0000 beta=0.0000 guidance_active_next=False raw_derivative=n/a smoothed_derivative=n/a guidance_stop_epoch=217 train_acc=66.38% val_acc=77.89% best=80.32% lr=1.6325519e-05 time=8.4s avg_epoch=8.0s est_planned=40m 06s elapsed=36m 43s
[ALG][273/300] loss=0.7909 ce=0.7909 lg=0.0000 beta=0.0000 guidance_active_next=False raw_derivative=n/a smoothed_derivative=n/a guidance_stop_epoch=217 train_acc=66.63% val_acc=79.38% best=80.32% lr=1.5563424e-05 time=7.7s avg_epoch=8.0s est_planned=40m 05s elapsed=36m 51s
[ALG][274/300] loss=0.7903 ce=0.7903 lg=0.0000 beta=0.0000 guidance_active_next=False raw_derivative=n/a smoothed_derivative=n/a guidance_stop_epoch=217 train_acc=67.26% val_acc=78.63% best=80.32% lr=1.4827313e-05 time=8.1s avg_epoch=8.0s est_planned=40m 05s elapsed=36m 59s
[ALG][275/300] loss=0.7712 ce=0.7712 lg=0.0000 beta=0.0000 guidance_active_next=False raw_derivative=n/a smoothed_derivative=n/a guidance_stop_epoch=217 train_acc=68.35% val_acc=78.26% best=80.32% lr=1.4117265e-05 time=7.9s avg_epoch=8.0s est_planned=40m 05s elapsed=37m 07s
[ALG][276/300] loss=0.7882 ce=0.7882 lg=0.0000 beta=0.0000 guidance_active_next=False raw_derivative=n/a smoothed_derivative=n/a guidance_stop_epoch=217 train_acc=67.62% val_acc=79.48% best=80.32% lr=1.3433358e-05 time=7.7s avg_epoch=8.0s est_planned=40m 05s elapsed=37m 15s
[ALG][277/300] loss=0.8008 ce=0.8008 lg=0.0000 beta=0.0000 guidance_active_next=False raw_derivative=n/a smoothed_derivative=n/a guidance_stop_epoch=217 train_acc=66.36% val_acc=78.40% best=80.32% lr=1.2775668e-05 time=7.1s avg_epoch=8.0s est_planned=40m 04s elapsed=37m 22s
[ALG][278/300] loss=0.7865 ce=0.7865 lg=0.0000 beta=0.0000 guidance_active_next=False raw_derivative=n/a smoothed_derivative=n/a guidance_stop_epoch=217 train_acc=67.44% val_acc=78.96% best=80.32% lr=1.2144266e-05 time=7.3s avg_epoch=8.0s est_planned=40m 03s elapsed=37m 29s
[ALG][279/300] loss=0.7872 ce=0.7872 lg=0.0000 beta=0.0000 guidance_active_next=False raw_derivative=n/a smoothed_derivative=n/a guidance_stop_epoch=217 train_acc=67.16% val_acc=79.38% best=80.32% lr=1.1539222e-05 time=7.4s avg_epoch=8.0s est_planned=40m 02s elapsed=37m 37s
[ALG][280/300] loss=0.7870 ce=0.7870 lg=0.0000 beta=0.0000 guidance_active_next=False raw_derivative=n/a smoothed_derivative=n/a guidance_stop_epoch=217 train_acc=68.12% val_acc=78.87% best=80.32% lr=1.0960601e-05 time=7.3s avg_epoch=8.0s est_planned=40m 02s elapsed=37m 44s
[ALG][281/300] loss=0.7849 ce=0.7849 lg=0.0000 beta=0.0000 guidance_active_next=False raw_derivative=n/a smoothed_derivative=n/a guidance_stop_epoch=217 train_acc=67.09% val_acc=79.85% best=80.32% lr=1.0408469e-05 time=8.3s avg_epoch=8.0s est_planned=40m 02s elapsed=37m 53s
[ALG][282/300] loss=0.7902 ce=0.7902 lg=0.0000 beta=0.0000 guidance_active_next=False raw_derivative=n/a smoothed_derivative=n/a guidance_stop_epoch=217 train_acc=67.41% val_acc=79.29% best=80.32% lr=9.8828843e-06 time=8.3s avg_epoch=8.0s est_planned=40m 02s elapsed=38m 01s
[ALG][283/300] loss=0.7919 ce=0.7919 lg=0.0000 beta=0.0000 guidance_active_next=False raw_derivative=n/a smoothed_derivative=n/a guidance_stop_epoch=217 train_acc=66.99% val_acc=79.85% best=80.32% lr=9.3839054e-06 time=8.2s avg_epoch=8.0s est_planned=40m 02s elapsed=38m 09s
[ALG][284/300] loss=0.7847 ce=0.7847 lg=0.0000 beta=0.0000 guidance_active_next=False raw_derivative=n/a smoothed_derivative=n/a guidance_stop_epoch=217 train_acc=67.49% val_acc=79.38% best=80.32% lr=8.911587e-06 time=7.7s avg_epoch=8.0s est_planned=40m 02s elapsed=38m 17s
[ALG][285/300] loss=0.7903 ce=0.7903 lg=0.0000 beta=0.0000 guidance_active_next=False raw_derivative=n/a smoothed_derivative=n/a guidance_stop_epoch=217 train_acc=66.81% val_acc=79.71% best=80.32% lr=8.4659808e-06 time=7.7s avg_epoch=8.0s est_planned=40m 02s elapsed=38m 25s
[ALG][286/300] loss=0.7940 ce=0.7940 lg=0.0000 beta=0.0000 guidance_active_next=False raw_derivative=n/a smoothed_derivative=n/a guidance_stop_epoch=217 train_acc=66.00% val_acc=79.76% best=80.32% lr=8.0471357e-06 time=7.7s avg_epoch=8.0s est_planned=40m 01s elapsed=38m 33s
[ALG][287/300] loss=0.7799 ce=0.7799 lg=0.0000 beta=0.0000 guidance_active_next=False raw_derivative=n/a smoothed_derivative=n/a guidance_stop_epoch=217 train_acc=67.41% val_acc=79.57% best=80.32% lr=7.6550976e-06 time=8.3s avg_epoch=8.0s est_planned=40m 02s elapsed=38m 41s
[ALG][288/300] loss=0.7869 ce=0.7869 lg=0.0000 beta=0.0000 guidance_active_next=False raw_derivative=n/a smoothed_derivative=n/a guidance_stop_epoch=217 train_acc=67.16% val_acc=79.29% best=80.32% lr=7.2899095e-06 time=7.6s avg_epoch=8.0s est_planned=40m 01s elapsed=38m 49s
[ALG][289/300] loss=0.7879 ce=0.7879 lg=0.0000 beta=0.0000 guidance_active_next=False raw_derivative=n/a smoothed_derivative=n/a guidance_stop_epoch=217 train_acc=66.81% val_acc=78.78% best=80.32% lr=6.9516114e-06 time=7.8s avg_epoch=8.0s est_planned=40m 01s elapsed=38m 56s
[ALG][290/300] loss=0.7811 ce=0.7811 lg=0.0000 beta=0.0000 guidance_active_next=False raw_derivative=n/a smoothed_derivative=n/a guidance_stop_epoch=217 train_acc=67.72% val_acc=79.15% best=80.32% lr=6.6402405e-06 time=7.2s avg_epoch=8.0s est_planned=40m 00s elapsed=39m 04s
[ALG][291/300] loss=0.7871 ce=0.7871 lg=0.0000 beta=0.0000 guidance_active_next=False raw_derivative=n/a smoothed_derivative=n/a guidance_stop_epoch=217 train_acc=67.62% val_acc=79.66% best=80.32% lr=6.3558309e-06 time=7.2s avg_epoch=8.0s est_planned=39m 59s elapsed=39m 11s
[ALG][292/300] loss=0.7811 ce=0.7811 lg=0.0000 beta=0.0000 guidance_active_next=False raw_derivative=n/a smoothed_derivative=n/a guidance_stop_epoch=217 train_acc=67.77% val_acc=79.71% best=80.32% lr=6.0984138e-06 time=8.5s avg_epoch=8.0s est_planned=40m 00s elapsed=39m 20s
[ALG][293/300] loss=0.7938 ce=0.7938 lg=0.0000 beta=0.0000 guidance_active_next=False raw_derivative=n/a smoothed_derivative=n/a guidance_stop_epoch=217 train_acc=67.04% val_acc=79.29% best=80.32% lr=5.8680173e-06 time=7.9s avg_epoch=8.0s est_planned=40m 00s elapsed=39m 28s
[ALG][294/300] loss=0.7898 ce=0.7898 lg=0.0000 beta=0.0000 guidance_active_next=False raw_derivative=n/a smoothed_derivative=n/a guidance_stop_epoch=217 train_acc=67.62% val_acc=79.48% best=80.32% lr=5.6646669e-06 time=8.0s avg_epoch=8.0s est_planned=40m 00s elapsed=39m 36s
[ALG][295/300] loss=0.7894 ce=0.7894 lg=0.0000 beta=0.0000 guidance_active_next=False raw_derivative=n/a smoothed_derivative=n/a guidance_stop_epoch=217 train_acc=68.04% val_acc=79.66% best=80.32% lr=5.4883847e-06 time=8.5s avg_epoch=8.0s est_planned=40m 00s elapsed=39m 44s
[ALG][296/300] loss=0.7802 ce=0.7802 lg=0.0000 beta=0.0000 guidance_active_next=False raw_derivative=n/a smoothed_derivative=n/a guidance_stop_epoch=217 train_acc=67.79% val_acc=79.80% best=80.32% lr=5.3391901e-06 time=9.1s avg_epoch=8.0s est_planned=40m 01s elapsed=39m 53s
[ALG][297/300] loss=0.7935 ce=0.7935 lg=0.0000 beta=0.0000 guidance_active_next=False raw_derivative=n/a smoothed_derivative=n/a guidance_stop_epoch=217 train_acc=66.33% val_acc=79.38% best=80.32% lr=5.2170996e-06 time=8.1s avg_epoch=8.0s est_planned=40m 02s elapsed=40m 02s
[ALG][298/300] loss=0.7782 ce=0.7782 lg=0.0000 beta=0.0000 guidance_active_next=False raw_derivative=n/a smoothed_derivative=n/a guidance_stop_epoch=217 train_acc=67.67% val_acc=79.76% best=80.32% lr=5.1221263e-06 time=8.0s avg_epoch=8.0s est_planned=40m 02s elapsed=40m 10s
[ALG][299/300] loss=0.7877 ce=0.7877 lg=0.0000 beta=0.0000 guidance_active_next=False raw_derivative=n/a smoothed_derivative=n/a guidance_stop_epoch=217 train_acc=67.97% val_acc=79.80% best=80.32% lr=5.0542808e-06 time=8.8s avg_epoch=8.0s est_planned=40m 02s elapsed=40m 19s
[ALG][300/300] loss=0.7789 ce=0.7789 lg=0.0000 beta=0.0000 guidance_active_next=False raw_derivative=n/a smoothed_derivative=n/a guidance_stop_epoch=217 train_acc=67.49% val_acc=79.71% best=80.32% lr=5.0135706e-06 time=9.3s avg_epoch=8.0s est_planned=40m 04s elapsed=40m 28s
========================================================================
[FINAL_RESULT] alg_best_top1=80.32% paper_alg_top1=83.50% gap_to_paper=-3.18pp
[FINAL_RESULT] paper_lg_top1=83.26% gain_over_paper_lg=-2.94pp
[BETA_FINAL] observed_stop_epoch=217 paper_stop_epoch=108 guided_epochs=217 ce_only_epochs=83
[TIMING] avg_epoch=8.0s planned_epochs=300 estimated_total=40m 04s elapsed=40m 28s
[FINAL_RESULT] best_checkpoint=/app/output/alg_chaoyang_deit_ti_300ep_seed1/student_best.pt
[FINAL_RESULT] latest_checkpoint=/app/output/alg_chaoyang_deit_ti_300ep_seed1/student_latest.pt
[FINAL_RESULT] summary=/app/output/alg_chaoyang_deit_ti_300ep_seed1/summary.json
[DONE] ALG training completed successfully; resources may be released.
